TN:
SF:/Users/AdilMinocherhomjee/Fullstack/senior-phase/pogo2go/secrets.js
FNF:0
FNH:0
LF:0
LH:0
BRF:0
BRH:0
end_of_record
TN:
SF:/Users/AdilMinocherhomjee/Fullstack/senior-phase/pogo2go/webpack.config.js
FNF:0
FNH:0
DA:1,0
DA:3,0
LF:2
LH:0
BRDA:4,0,0,0
BRDA:4,0,1,0
BRF:2
BRH:0
end_of_record
TN:
SF:/Users/AdilMinocherhomjee/Fullstack/senior-phase/pogo2go/client/app.js
FN:6,(anonymous_0)
FNF:1
FNH:0
FNDA:0,(anonymous_0)
DA:6,0
DA:7,0
LF:2
LH:0
BRF:0
BRH:0
end_of_record
TN:
SF:/Users/AdilMinocherhomjee/Fullstack/senior-phase/pogo2go/client/history.js
FNF:0
FNH:0
DA:5,0
LF:1
LH:0
BRDA:5,0,0,0
BRDA:5,0,1,0
BRF:2
BRH:0
end_of_record
TN:
SF:/Users/AdilMinocherhomjee/Fullstack/senior-phase/pogo2go/client/index.js
FNF:0
FNH:0
DA:12,0
LF:1
LH:0
BRF:0
BRH:0
end_of_record
TN:
SF:/Users/AdilMinocherhomjee/Fullstack/senior-phase/pogo2go/client/routes.js
FN:12,(anonymous_0)
FN:16,(anonymous_1)
FN:41,(anonymous_2)
FN:49,(anonymous_3)
FNF:4
FNH:0
FNDA:0,(anonymous_0)
FNDA:0,(anonymous_1)
FNDA:0,(anonymous_2)
FNDA:0,(anonymous_3)
DA:13,0
DA:17,0
DA:19,0
DA:41,0
DA:42,0
DA:49,0
DA:50,0
DA:52,0
DA:64,0
LF:9
LH:0
BRDA:25,0,0,0
BRDA:25,0,1,0
BRF:2
BRH:0
end_of_record
TN:
SF:/Users/AdilMinocherhomjee/Fullstack/senior-phase/pogo2go/client/socket.js
FN:5,(anonymous_0)
FNF:1
FNH:0
FNDA:0,(anonymous_0)
DA:3,0
DA:5,0
DA:6,0
LF:3
LH:0
BRF:0
BRH:0
end_of_record
TN:
SF:/Users/AdilMinocherhomjee/Fullstack/senior-phase/pogo2go/client/components/AllProducts.js
FN:34,(anonymous_0)
FN:38,(anonymous_1)
FN:43,(anonymous_2)
FNF:3
FNH:0
FNDA:0,(anonymous_0)
FNDA:0,(anonymous_1)
FNDA:0,(anonymous_2)
DA:6,0
DA:35,0
DA:39,0
DA:44,0
LF:4
LH:0
BRF:0
BRH:0
end_of_record
TN:
SF:/Users/AdilMinocherhomjee/Fullstack/senior-phase/pogo2go/client/components/auth-form.js
FN:9,(anonymous_0)
FN:44,(anonymous_1)
FN:52,(anonymous_2)
FN:60,(anonymous_3)
FNF:4
FNH:0
FNDA:0,(anonymous_0)
FNDA:0,(anonymous_1)
FNDA:0,(anonymous_2)
FNDA:0,(anonymous_3)
DA:9,0
DA:10,0
DA:12,0
DA:44,0
DA:45,0
DA:52,0
DA:53,0
DA:60,0
DA:61,0
DA:63,0
DA:64,0
DA:65,0
DA:66,0
DA:67,0
DA:72,0
DA:73,0
DA:78,0
LF:17
LH:0
BRDA:30,0,0,0
BRDA:30,0,1,0
BRDA:30,0,2,0
BRF:3
BRH:0
end_of_record
TN:
SF:/Users/AdilMinocherhomjee/Fullstack/senior-phase/pogo2go/client/components/index.js
FNF:0
FNH:0
LF:0
LH:0
BRF:0
BRH:0
end_of_record
TN:
SF:/Users/AdilMinocherhomjee/Fullstack/senior-phase/pogo2go/client/components/navbar.js
FN:7,(anonymous_0)
FN:34,(anonymous_1)
FN:40,(anonymous_2)
FNF:3
FNH:0
FNDA:0,(anonymous_0)
FNDA:0,(anonymous_1)
FNDA:0,(anonymous_2)
DA:7,0
DA:8,0
DA:34,0
DA:35,0
DA:40,0
DA:41,0
DA:43,0
DA:53,0
LF:8
LH:0
BRDA:11,0,0,0
BRDA:11,0,1,0
BRF:2
BRH:0
end_of_record
TN:
SF:/Users/AdilMinocherhomjee/Fullstack/senior-phase/pogo2go/client/components/user-home.js
FN:8,(anonymous_0)
FN:21,(anonymous_1)
FNF:2
FNH:0
FNDA:0,(anonymous_0)
FNDA:0,(anonymous_1)
DA:8,0
DA:9,0
DA:11,0
DA:21,0
DA:22,0
DA:32,0
LF:6
LH:0
BRF:0
BRH:0
end_of_record
TN:
SF:/Users/AdilMinocherhomjee/Fullstack/senior-phase/pogo2go/client/components/user-home.spec.js
FN:12,(anonymous_0)
FN:15,(anonymous_1)
FN:19,(anonymous_2)
FNF:3
FNH:0
FNDA:0,(anonymous_0)
FNDA:0,(anonymous_1)
FNDA:0,(anonymous_2)
DA:9,0
DA:10,0
DA:12,0
DA:15,0
DA:16,0
DA:19,0
DA:20,0
LF:7
LH:0
BRF:0
BRH:0
end_of_record
TN:
SF:/Users/AdilMinocherhomjee/Fullstack/senior-phase/pogo2go/client/store/index.js
FNF:0
FNH:0
DA:7,0
DA:8,0
DA:11,0
LF:3
LH:0
BRF:0
BRH:0
end_of_record
TN:
SF:/Users/AdilMinocherhomjee/Fullstack/senior-phase/pogo2go/client/store/productReducer.js
FN:5,(anonymous_0)
FN:12,(anonymous_1)
FN:13,(anonymous_2)
FN:23,(anonymous_3)
FNF:4
FNH:0
FNDA:0,(anonymous_0)
FNDA:0,(anonymous_1)
FNDA:0,(anonymous_2)
FNDA:0,(anonymous_3)
DA:3,0
DA:5,0
DA:6,0
DA:12,0
DA:13,0
DA:14,0
DA:15,0
DA:16,0
DA:18,0
DA:24,0
DA:26,0
DA:29,0
LF:12
LH:0
BRDA:23,0,0,0
BRDA:24,1,0,0
BRDA:24,1,1,0
BRF:3
BRH:0
end_of_record
TN:
SF:/Users/AdilMinocherhomjee/Fullstack/senior-phase/pogo2go/client/store/user.js
FN:18,(anonymous_0)
FN:19,(anonymous_1)
FN:24,(anonymous_2)
FN:24,(anonymous_3)
FN:33,(anonymous_4)
FN:33,(anonymous_5)
FN:49,(anonymous_6)
FN:49,(anonymous_7)
FN:62,(anonymous_8)
FNF:9
FNH:0
FNDA:0,(anonymous_0)
FNDA:0,(anonymous_1)
FNDA:0,(anonymous_2)
FNDA:0,(anonymous_3)
FNDA:0,(anonymous_4)
FNDA:0,(anonymous_5)
FNDA:0,(anonymous_6)
FNDA:0,(anonymous_7)
FNDA:0,(anonymous_8)
DA:7,0
DA:8,0
DA:13,0
DA:18,0
DA:19,0
DA:24,0
DA:25,0
DA:26,0
DA:27,0
DA:29,0
DA:33,0
DA:35,0
DA:36,0
DA:38,0
DA:41,0
DA:42,0
DA:43,0
DA:45,0
DA:49,0
DA:50,0
DA:51,0
DA:52,0
DA:53,0
DA:55,0
DA:63,0
DA:65,0
DA:67,0
DA:69,0
LF:28
LH:0
BRDA:27,0,0,0
BRDA:27,0,1,0
BRDA:62,1,0,0
BRDA:63,2,0,0
BRDA:63,2,1,0
BRDA:63,2,2,0
BRF:6
BRH:0
end_of_record
TN:
SF:/Users/AdilMinocherhomjee/Fullstack/senior-phase/pogo2go/client/store/user.spec.js
FN:14,(anonymous_0)
FN:20,(anonymous_1)
FN:25,(anonymous_2)
FN:30,(anonymous_3)
FN:31,(anonymous_4)
FN:41,(anonymous_5)
FN:42,(anonymous_6)
FNF:7
FNH:0
FNDA:0,(anonymous_0)
FNDA:0,(anonymous_1)
FNDA:0,(anonymous_2)
FNDA:0,(anonymous_3)
FNDA:0,(anonymous_4)
FNDA:0,(anonymous_5)
FNDA:0,(anonymous_6)
DA:11,0
DA:12,0
DA:14,0
DA:18,0
DA:20,0
DA:21,0
DA:22,0
DA:25,0
DA:26,0
DA:27,0
DA:30,0
DA:31,0
DA:32,0
DA:33,0
DA:34,0
DA:35,0
DA:36,0
DA:37,0
DA:41,0
DA:42,0
DA:43,0
DA:44,0
DA:45,0
DA:46,0
DA:47,0
LF:25
LH:0
BRF:0
BRH:0
end_of_record
TN:
SF:/Users/AdilMinocherhomjee/Fullstack/senior-phase/pogo2go/public/bundle.js
FN:1,(anonymous_0)
FN:6,__webpack_require__
FN:37,(anonymous_2)
FN:44,(anonymous_3)
FN:56,(anonymous_4)
FN:63,(anonymous_5)
FN:68,(anonymous_6)
FN:70,getDefault
FN:71,getModuleExports
FN:77,(anonymous_9)
FN:94,(anonymous_10)
FN:110,_interopRequireDefault
FN:112,App
FN:126,(anonymous_13)
FN:142,_interopRequireWildcard
FN:144,_typeof
FN:144,_typeof
FN:144,_typeof
FN:146,_classCallCheck
FN:148,_defineProperties
FN:150,_createClass
FN:152,_possibleConstructorReturn
FN:154,_assertThisInitialized
FN:156,_getPrototypeOf
FN:156,_getPrototypeOf
FN:158,_inherits
FN:160,_setPrototypeOf
FN:160,_setPrototypeOf
FN:181,(anonymous_28)
FN:184,AllProducts
FN:192,render
FN:197,(anonymous_31)
FN:228,(anonymous_32)
FN:246,_interopRequireDefault
FN:251,AuthForm
FN:284,mapLogin
FN:292,mapSignup
FN:300,mapDispatch
FN:302,handleSubmit
FN:334,(anonymous_39)
FN:344,get
FN:350,get
FN:356,get
FN:362,get
FN:373,_interopRequireDefault
FN:382,(anonymous_45)
FN:402,_interopRequireDefault
FN:404,Navbar
FN:423,mapState
FN:429,mapDispatch
FN:431,handleClick
FN:456,(anonymous_51)
FN:472,_interopRequireDefault
FN:477,UserHome
FN:488,mapState
FN:512,(anonymous_55)
FN:526,_interopRequireDefault
FN:539,(anonymous_57)
FN:560,_interopRequireDefault
FN:576,(anonymous_59)
FN:600,_interopRequireDefault
FN:602,_interopRequireWildcard
FN:604,_typeof
FN:604,_typeof
FN:604,_typeof
FN:606,_classCallCheck
FN:608,_defineProperties
FN:610,_createClass
FN:612,_possibleConstructorReturn
FN:614,_assertThisInitialized
FN:616,_getPrototypeOf
FN:616,_getPrototypeOf
FN:618,_inherits
FN:620,_setPrototypeOf
FN:620,_setPrototypeOf
FN:627,(anonymous_75)
FN:630,Routes
FN:638,componentDidMount
FN:643,render
FN:670,mapState
FN:678,mapDispatch
FN:680,loadInitialData
FN:707,(anonymous_82)
FN:719,_interopRequireDefault
FN:722,(anonymous_84)
FN:735,(anonymous_85)
FN:756,(anonymous_86)
FN:761,get
FN:767,_interopRequireWildcard
FN:769,_interopRequireDefault
FN:788,(anonymous_90)
FN:803,_interopRequireDefault
FN:805,asyncGeneratorStep
FN:807,_asyncToGenerator
FN:807,(anonymous_94)
FN:807,(anonymous_95)
FN:807,_next
FN:807,_throw
FN:823,getUser
FN:830,removeUser
FN:840,me
FN:843,(anonymous_101)
FN:846,_callee
FN:848,_callee$
FN:875,(anonymous_104)
FN:884,auth
FN:887,(anonymous_106)
FN:890,_callee2
FN:892,_callee2$
FN:932,(anonymous_109)
FN:941,logout
FN:944,(anonymous_111)
FN:947,_callee3
FN:948,_callee3$
FN:977,(anonymous_114)
FN:990,_default
FN:1013,(anonymous_116)
FN:1016,(anonymous_117)
FN:1036,(anonymous_118)
FN:1038,(anonymous_119)
FN:1051,(anonymous_120)
FN:1054,(anonymous_121)
FN:1067,(anonymous_122)
FN:1073,(anonymous_123)
FN:1085,(anonymous_124)
FN:1087,(anonymous_125)
FN:1101,(anonymous_126)
FN:1104,(anonymous_127)
FN:1117,(anonymous_128)
FN:1126,copyWithin
FN:1155,(anonymous_130)
FN:1163,fill
FN:1182,(anonymous_132)
FN:1186,(anonymous_133)
FN:1200,(anonymous_134)
FN:1207,(anonymous_135)
FN:1208,(anonymous_136)
FN:1234,(anonymous_137)
FN:1248,(anonymous_138)
FN:1256,(anonymous_139)
FN:1289,(anonymous_140)
FN:1296,(anonymous_141)
FN:1328,(anonymous_142)
FN:1334,(anonymous_143)
FN:1355,(anonymous_144)
FN:1360,(anonymous_145)
FN:1372,(anonymous_146)
FN:1382,(anonymous_147)
FN:1390,bind
FN:1393,(anonymous_149)
FN:1409,(anonymous_150)
FN:1415,(anonymous_151)
FN:1418,(anonymous_152)
FN:1424,(anonymous_153)
FN:1443,(anonymous_154)
FN:1447,(anonymous_155)
FN:1459,(anonymous_156)
FN:1477,(anonymous_157)
FN:1489,(anonymous_158)
FN:1490,(anonymous_159)
FN:1502,clear
FN:1513,(anonymous_161)
FN:1530,forEach
FN:1542,has
FN:1547,(anonymous_164)
FN:1553,(anonymous_165)
FN:1577,(anonymous_166)
FN:1580,(anonymous_167)
FN:1584,(anonymous_168)
FN:1615,(anonymous_169)
FN:1620,(anonymous_170)
FN:1621,toJSON
FN:1635,(anonymous_172)
FN:1653,(anonymous_173)
FN:1656,(anonymous_174)
FN:1659,(anonymous_175)
FN:1660,(anonymous_176)
FN:1665,(anonymous_177)
FN:1669,(anonymous_178)
FN:1672,(anonymous_179)
FN:1677,(anonymous_180)
FN:1678,(anonymous_181)
FN:1687,(anonymous_182)
FN:1688,(anonymous_183)
FN:1698,(anonymous_184)
FN:1706,has
FN:1715,(anonymous_186)
FN:1732,(anonymous_187)
FN:1749,(anonymous_188)
FN:1755,(anonymous_189)
FN:1758,(anonymous_190)
FN:1760,has
FN:1762,get
FN:1764,add
FN:1765,set
FN:1768,(anonymous_195)
FN:1780,(anonymous_196)
FN:1782,(anonymous_197)
FN:1784,(anonymous_198)
FN:1792,(anonymous_199)
FN:1829,(anonymous_200)
FN:1842,(anonymous_201)
FN:1849,(anonymous_202)
FN:1862,(anonymous_203)
FN:1866,(anonymous_204)
FN:1870,(anonymous_205)
FN:1873,(anonymous_206)
FN:1876,(anonymous_207)
FN:1880,(anonymous_208)
FN:1893,(anonymous_209)
FN:1902,(anonymous_210)
FN:1907,(anonymous_211)
FN:1909,(anonymous_212)
FN:1911,toISOString
FN:1931,(anonymous_214)
FN:1939,(anonymous_215)
FN:1952,(anonymous_216)
FN:1955,(anonymous_217)
FN:1968,(anonymous_218)
FN:1971,(anonymous_219)
FN:1972,(anonymous_220)
FN:1983,(anonymous_221)
FN:1989,(anonymous_222)
FN:2001,(anonymous_223)
FN:2016,(anonymous_224)
FN:2022,(anonymous_225)
FN:2042,(anonymous_226)
FN:2051,(anonymous_227)
FN:2096,(anonymous_228)
FN:2099,(anonymous_229)
FN:2119,(anonymous_230)
FN:2121,(anonymous_231)
FN:2137,(anonymous_232)
FN:2147,(anonymous_233)
FN:2152,(anonymous_234)
FN:2154,(anonymous_235)
FN:2161,(anonymous_236)
FN:2164,(anonymous_237)
FN:2177,(anonymous_238)
FN:2183,(anonymous_239)
FN:2202,(anonymous_240)
FN:2213,flattenIntoArray
FN:2253,(anonymous_242)
FN:2263,(anonymous_243)
FN:2264,(anonymous_244)
FN:2289,(anonymous_245)
FN:2306,(anonymous_246)
FN:2309,(anonymous_247)
FN:2321,(anonymous_248)
FN:2325,(anonymous_249)
FN:2327,(anonymous_250)
FN:2340,(anonymous_251)
FN:2353,(anonymous_252)
FN:2355,(anonymous_253)
FN:2356,(anonymous_254)
FN:2367,(anonymous_255)
FN:2371,(anonymous_256)
FN:2387,(anonymous_257)
FN:2390,(anonymous_258)
FN:2414,(anonymous_259)
FN:2419,(anonymous_260)
FN:2431,(anonymous_261)
FN:2438,(anonymous_262)
FN:2450,(anonymous_263)
FN:2454,isArray
FN:2466,(anonymous_265)
FN:2471,isInteger
FN:2483,(anonymous_267)
FN:2485,(anonymous_268)
FN:2497,(anonymous_269)
FN:2503,(anonymous_270)
FN:2516,(anonymous_271)
FN:2520,(anonymous_272)
FN:2539,(anonymous_273)
FN:2549,(anonymous_274)
FN:2551,(anonymous_275)
FN:2564,(anonymous_276)
FN:2582,(anonymous_277)
FN:2584,(anonymous_278)
FN:2586,(anonymous_279)
FN:2589,keys
FN:2590,values
FN:2591,entries
FN:2615,values
FN:2645,(anonymous_284)
FN:2652,(anonymous_285)
FN:2654,(anonymous_286)
FN:2657,(anonymous_287)
FN:2663,(anonymous_288)
FN:2664,(anonymous_289)
FN:2678,(anonymous_290)
FN:2680,(anonymous_291)
FN:2692,(anonymous_292)
FN:2704,(anonymous_293)
FN:2716,(anonymous_294)
FN:2725,expm1
FN:2737,(anonymous_296)
FN:2747,(anonymous_297)
FN:2751,fround
FN:2771,(anonymous_299)
FN:2774,log1p
FN:2786,(anonymous_301)
FN:2789,scale
FN:2815,(anonymous_303)
FN:2818,sign
FN:2831,(anonymous_305)
FN:2838,(anonymous_306)
FN:2841,(anonymous_307)
FN:2844,(anonymous_308)
FN:2850,(anonymous_309)
FN:2863,(anonymous_310)
FN:2875,(anonymous_311)
FN:2895,(anonymous_312)
FN:2902,(anonymous_313)
FN:2914,(anonymous_314)
FN:2918,(anonymous_315)
FN:2922,(anonymous_316)
FN:2925,(anonymous_317)
FN:2928,(anonymous_318)
FN:2931,(anonymous_319)
FN:2934,(anonymous_320)
FN:2957,(anonymous_321)
FN:2966,(anonymous_322)
FN:2969,(anonymous_323)
FN:2988,(anonymous_324)
FN:2996,(anonymous_325)
FN:3003,(anonymous_326)
FN:3013,(anonymous_327)
FN:3019,(anonymous_328)
FN:3037,(anonymous_329)
FN:3044,PromiseCapability
FN:3046,(anonymous_331)
FN:3055,(anonymous_332)
FN:3067,(anonymous_333)
FN:3080,(anonymous_334)
FN:3087,(anonymous_335)
FN:3089,assign
FN:3113,(anonymous_337)
FN:3120,(anonymous_338)
FN:3124,(anonymous_339)
FN:3145,create
FN:3165,(anonymous_341)
FN:3172,defineProperty
FN:3192,(anonymous_343)
FN:3198,defineProperties
FN:3216,(anonymous_345)
FN:3221,(anonymous_346)
FN:3225,(anonymous_347)
FN:3237,(anonymous_348)
FN:3247,getOwnPropertyDescriptor
FN:3264,(anonymous_350)
FN:3274,(anonymous_351)
FN:3282,getOwnPropertyNames
FN:3294,(anonymous_353)
FN:3300,getOwnPropertyNames
FN:3312,(anonymous_355)
FN:3324,(anonymous_356)
FN:3332,(anonymous_357)
FN:3348,(anonymous_358)
FN:3355,(anonymous_359)
FN:3376,(anonymous_360)
FN:3382,keys
FN:3394,(anonymous_362)
FN:3406,(anonymous_363)
FN:3412,(anonymous_364)
FN:3416,(anonymous_365)
FN:3427,(anonymous_366)
FN:3432,(anonymous_367)
FN:3433,(anonymous_368)
FN:3454,(anonymous_369)
FN:3461,ownKeys
FN:3475,(anonymous_371)
FN:3480,parseFloat
FN:3494,(anonymous_373)
FN:3501,parseInt
FN:3514,(anonymous_375)
FN:3516,(anonymous_376)
FN:3532,(anonymous_377)
FN:3538,(anonymous_378)
FN:3555,(anonymous_379)
FN:3557,(anonymous_380)
FN:3574,(anonymous_381)
FN:3577,(anonymous_382)
FN:3590,(anonymous_383)
FN:3600,(anonymous_384)
FN:3604,(anonymous_385)
FN:3620,toString
FN:3632,(anonymous_387)
FN:3635,is
FN:3648,(anonymous_389)
FN:3658,(anonymous_390)
FN:3659,from
FN:3670,(anonymous_392)
FN:3688,(anonymous_393)
FN:3695,(anonymous_394)
FN:3696,of
FN:3712,(anonymous_396)
FN:3718,(anonymous_397)
FN:3724,(anonymous_398)
FN:3730,setPrototypeOf
FN:3748,(anonymous_400)
FN:3757,(anonymous_401)
FN:3761,(anonymous_402)
FN:3773,(anonymous_403)
FN:3779,(anonymous_404)
FN:3791,(anonymous_405)
FN:3795,(anonymous_406)
FN:3807,(anonymous_407)
FN:3814,(anonymous_408)
FN:3830,(anonymous_409)
FN:3836,(anonymous_410)
FN:3850,(anonymous_411)
FN:3856,(anonymous_412)
FN:3857,(anonymous_413)
FN:3859,(anonymous_414)
FN:3871,(anonymous_415)
FN:3877,(anonymous_416)
FN:3878,(anonymous_417)
FN:3899,(anonymous_418)
FN:3905,(anonymous_419)
FN:3918,(anonymous_420)
FN:3925,(anonymous_421)
FN:3931,(anonymous_422)
FN:3934,(anonymous_423)
FN:3948,(anonymous_424)
FN:3955,(anonymous_425)
FN:3975,(anonymous_426)
FN:3982,repeat
FN:3999,(anonymous_428)
FN:4010,(anonymous_429)
FN:4012,(anonymous_430)
FN:4023,(anonymous_431)
FN:4040,(anonymous_432)
FN:4053,(anonymous_433)
FN:4069,(anonymous_434)
FN:4078,(anonymous_435)
FN:4083,setImmediate
FN:4087,(anonymous_437)
FN:4094,clearImmediate
FN:4099,(anonymous_439)
FN:4104,(anonymous_440)
FN:4116,(anonymous_441)
FN:4122,(anonymous_442)
FN:4123,(anonymous_443)
FN:4130,(anonymous_444)
FN:4148,(anonymous_445)
FN:4153,(anonymous_446)
FN:4166,(anonymous_447)
FN:4171,(anonymous_448)
FN:4187,(anonymous_449)
FN:4192,(anonymous_450)
FN:4204,(anonymous_451)
FN:4209,(anonymous_452)
FN:4221,(anonymous_453)
FN:4226,(anonymous_454)
FN:4238,(anonymous_455)
FN:4242,(anonymous_456)
FN:4254,(anonymous_457)
FN:4260,(anonymous_458)
FN:4277,(anonymous_459)
FN:4360,(anonymous_460)
FN:4364,(anonymous_461)
FN:4369,(anonymous_462)
FN:4373,(anonymous_463)
FN:4379,(anonymous_464)
FN:4384,(anonymous_465)
FN:4390,(anonymous_466)
FN:4394,(anonymous_467)
FN:4402,(anonymous_468)
FN:4403,(anonymous_469)
FN:4406,from
FN:4425,of
FN:4434,(anonymous_472)
FN:4436,toLocaleString
FN:4441,copyWithin
FN:4444,every
FN:4447,fill
FN:4450,filter
FN:4454,find
FN:4457,findIndex
FN:4460,forEach
FN:4463,indexOf
FN:4466,includes
FN:4469,join
FN:4472,lastIndexOf
FN:4475,map
FN:4478,reduce
FN:4481,reduceRight
FN:4484,reverse
FN:4496,some
FN:4499,sort
FN:4502,subarray
FN:4514,slice
FN:4518,set
FN:4530,entries
FN:4533,keys
FN:4536,values
FN:4541,(anonymous_497)
FN:4548,getOwnPropertyDescriptor
FN:4553,defineProperty
FN:4579,(anonymous_500)
FN:4580,toString
FN:4591,(anonymous_502)
FN:4600,(anonymous_503)
FN:4604,(anonymous_504)
FN:4615,(anonymous_505)
FN:4619,(anonymous_506)
FN:4624,(anonymous_507)
FN:4626,(anonymous_508)
FN:4629,(anonymous_509)
FN:4636,(anonymous_510)
FN:4674,(anonymous_511)
FN:4676,(anonymous_512)
FN:4678,(anonymous_513)
FN:4684,(anonymous_514)
FN:4700,(anonymous_515)
FN:4717,(anonymous_516)
FN:4729,(anonymous_517)
FN:4746,(anonymous_518)
FN:4750,(anonymous_519)
FN:4752,(anonymous_520)
FN:4759,(anonymous_521)
FN:4769,(anonymous_522)
FN:4813,packIEEE754
FN:4861,unpackIEEE754
FN:4886,unpackI32
FN:4889,packI8
FN:4892,packI16
FN:4895,packI32
FN:4898,packF64
FN:4901,packF32
FN:4905,addGetter
FN:4906,(anonymous_532)
FN:4909,get
FN:4918,set
FN:4929,ArrayBuffer
FN:4936,DataView
FN:4957,getInt8
FN:4960,getUint8
FN:4963,getInt16
FN:4967,getUint16
FN:4971,getInt32
FN:4974,getUint32
FN:4977,getFloat32
FN:4980,getFloat64
FN:4983,setInt8
FN:4986,setUint8
FN:4989,setInt16
FN:4992,setUint16
FN:4995,setInt32
FN:4998,setUint32
FN:5001,setFloat32
FN:5004,setFloat64
FN:5009,(anonymous_553)
FN:5011,(anonymous_554)
FN:5013,(anonymous_555)
FN:5019,ArrayBuffer
FN:5035,setInt8
FN:5038,setUint8
FN:5057,(anonymous_559)
FN:5096,(anonymous_560)
FN:5100,(anonymous_561)
FN:5112,(anonymous_562)
FN:5127,(anonymous_563)
FN:5130,(anonymous_564)
FN:5143,(anonymous_565)
FN:5150,(anonymous_566)
FN:5163,(anonymous_567)
FN:5175,(anonymous_568)
FN:5182,(anonymous_569)
FN:5197,(anonymous_570)
FN:5202,(anonymous_571)
FN:5216,(anonymous_572)
FN:5233,(anonymous_573)
FN:5242,every
FN:5255,(anonymous_575)
FN:5272,(anonymous_576)
FN:5281,filter
FN:5294,(anonymous_578)
FN:5304,(anonymous_579)
FN:5306,findIndex
FN:5320,(anonymous_581)
FN:5330,(anonymous_582)
FN:5332,find
FN:5346,(anonymous_584)
FN:5356,forEach
FN:5369,(anonymous_586)
FN:5382,(anonymous_587)
FN:5384,from
FN:5418,(anonymous_589)
FN:5429,indexOf
FN:5445,(anonymous_591)
FN:5460,(anonymous_592)
FN:5473,(anonymous_593)
FN:5478,(anonymous_594)
FN:5506,(anonymous_595)
FN:5517,join
FN:5530,(anonymous_597)
FN:5543,lastIndexOf
FN:5564,(anonymous_599)
FN:5573,map
FN:5586,(anonymous_601)
FN:5594,(anonymous_602)
FN:5595,F
FN:5599,of
FN:5617,(anonymous_605)
FN:5626,reduceRight
FN:5639,(anonymous_607)
FN:5648,reduce
FN:5661,(anonymous_609)
FN:5673,(anonymous_610)
FN:5676,slice
FN:5701,(anonymous_612)
FN:5710,some
FN:5723,(anonymous_614)
FN:5734,(anonymous_615)
FN:5737,(anonymous_616)
FN:5743,sort
FN:5758,(anonymous_618)
FN:5770,(anonymous_619)
FN:5775,(anonymous_620)
FN:5785,(anonymous_621)
FN:5804,(anonymous_622)
FN:5812,(anonymous_623)
FN:5814,(anonymous_624)
FN:5817,toJSON
FN:5832,(anonymous_626)
FN:5847,(anonymous_627)
FN:5855,toString
FN:5870,(anonymous_629)
FN:5885,(anonymous_630)
FN:5894,(anonymous_631)
FN:5910,(anonymous_632)
FN:5920,(anonymous_633)
FN:5937,(anonymous_634)
FN:5946,(anonymous_635)
FN:5947,Map
FN:5950,get
FN:5955,set
FN:5968,(anonymous_639)
FN:5982,acosh
FN:5997,(anonymous_641)
FN:6003,asinh
FN:6018,(anonymous_643)
FN:6026,atanh
FN:6039,(anonymous_645)
FN:6046,cbrt
FN:6059,(anonymous_647)
FN:6065,clz32
FN:6078,(anonymous_649)
FN:6085,cosh
FN:6098,(anonymous_651)
FN:6114,(anonymous_652)
FN:6129,(anonymous_653)
FN:6136,hypot
FN:6165,(anonymous_655)
FN:6172,(anonymous_656)
FN:6175,imul
FN:6193,(anonymous_658)
FN:6199,log10
FN:6212,(anonymous_660)
FN:6227,(anonymous_661)
FN:6233,log2
FN:6246,(anonymous_663)
FN:6261,(anonymous_664)
FN:6269,(anonymous_665)
FN:6272,sinh
FN:6287,(anonymous_667)
FN:6295,tanh
FN:6310,(anonymous_669)
FN:6316,trunc
FN:6329,(anonymous_671)
FN:6352,(anonymous_672)
FN:6378,Number
FN:6383,(anonymous_674)
FN:6410,(anonymous_675)
FN:6425,(anonymous_676)
FN:6432,isFinite
FN:6445,(anonymous_678)
FN:6460,(anonymous_679)
FN:6466,isNaN
FN:6480,(anonymous_681)
FN:6488,isSafeInteger
FN:6501,(anonymous_683)
FN:6516,(anonymous_684)
FN:6531,(anonymous_685)
FN:6546,(anonymous_686)
FN:6561,(anonymous_687)
FN:6575,(anonymous_688)
FN:6584,(anonymous_689)
FN:6593,(anonymous_690)
FN:6603,(anonymous_691)
FN:6606,(anonymous_692)
FN:6624,(anonymous_693)
FN:6628,toFixed
FN:6687,(anonymous_695)
FN:6696,(anonymous_696)
FN:6699,(anonymous_697)
FN:6703,toPrecision
FN:6717,(anonymous_699)
FN:6732,(anonymous_700)
FN:6746,(anonymous_701)
FN:6760,(anonymous_702)
FN:6774,(anonymous_703)
FN:6780,(anonymous_704)
FN:6781,freeze
FN:6794,(anonymous_706)
FN:6800,(anonymous_707)
FN:6801,getOwnPropertyDescriptor
FN:6814,(anonymous_709)
FN:6817,(anonymous_710)
FN:6829,(anonymous_711)
FN:6835,(anonymous_712)
FN:6836,getPrototypeOf
FN:6849,(anonymous_714)
FN:6854,(anonymous_715)
FN:6855,isExtensible
FN:6868,(anonymous_717)
FN:6873,(anonymous_718)
FN:6874,isFrozen
FN:6887,(anonymous_720)
FN:6892,(anonymous_721)
FN:6893,isSealed
FN:6906,(anonymous_723)
FN:6920,(anonymous_724)
FN:6926,(anonymous_725)
FN:6927,keys
FN:6940,(anonymous_727)
FN:6946,(anonymous_728)
FN:6947,preventExtensions
FN:6960,(anonymous_730)
FN:6966,(anonymous_731)
FN:6967,seal
FN:6980,(anonymous_733)
FN:6994,(anonymous_734)
FN:7003,toString
FN:7016,(anonymous_736)
FN:7031,(anonymous_737)
FN:7046,(anonymous_738)
FN:7073,(anonymous_739)
FN:7077,(anonymous_740)
FN:7081,(anonymous_741)
FN:7096,(anonymous_742)
FN:7100,(anonymous_743)
FN:7104,(anonymous_744)
FN:7108,(anonymous_745)
FN:7146,(anonymous_746)
FN:7147,(anonymous_747)
FN:7152,(anonymous_748)
FN:7167,(anonymous_749)
FN:7170,(anonymous_750)
FN:7171,(anonymous_751)
FN:7180,(anonymous_752)
FN:7190,(anonymous_753)
FN:7199,(anonymous_754)
FN:7220,Promise
FN:7231,Promise
FN:7242,then
FN:7253,(anonymous_758)
FN:7257,(anonymous_759)
FN:7263,(anonymous_760)
FN:7278,reject
FN:7287,resolve
FN:7291,(anonymous_763)
FN:7295,all
FN:7300,(anonymous_765)
FN:7304,(anonymous_766)
FN:7309,(anonymous_767)
FN:7322,race
FN:7326,(anonymous_769)
FN:7327,(anonymous_770)
FN:7344,(anonymous_771)
FN:7353,(anonymous_772)
FN:7354,(anonymous_773)
FN:7356,apply
FN:7371,(anonymous_775)
FN:7385,(anonymous_776)
FN:7386,F
FN:7387,(anonymous_778)
FN:7389,(anonymous_779)
FN:7390,(anonymous_780)
FN:7394,construct
FN:7429,(anonymous_782)
FN:7438,(anonymous_783)
FN:7442,defineProperty
FN:7463,(anonymous_785)
FN:7471,deleteProperty
FN:7485,(anonymous_787)
FN:7492,(anonymous_788)
FN:7499,(anonymous_789)
FN:7510,enumerate
FN:7523,(anonymous_791)
FN:7531,getOwnPropertyDescriptor
FN:7544,(anonymous_793)
FN:7552,getPrototypeOf
FN:7565,(anonymous_795)
FN:7575,get
FN:7597,(anonymous_797)
FN:7603,has
FN:7616,(anonymous_799)
FN:7624,isExtensible
FN:7638,(anonymous_801)
FN:7653,(anonymous_802)
FN:7661,preventExtensions
FN:7680,(anonymous_804)
FN:7687,setPrototypeOf
FN:7706,(anonymous_806)
FN:7718,set
FN:7750,(anonymous_808)
FN:7766,(anonymous_809)
FN:7771,RegExp
FN:7781,(anonymous_811)
FN:7784,(anonymous_812)
FN:7785,(anonymous_813)
FN:7804,(anonymous_814)
FN:7820,(anonymous_815)
FN:7823,(anonymous_816)
FN:7825,match
FN:7841,(anonymous_818)
FN:7844,(anonymous_819)
FN:7846,replace
FN:7864,(anonymous_821)
FN:7867,(anonymous_822)
FN:7869,search
FN:7885,(anonymous_824)
FN:7888,(anonymous_825)
FN:7906,(anonymous_826)
FN:7930,(anonymous_827)
FN:7947,(anonymous_828)
FN:7952,split
FN:7967,(anonymous_830)
FN:7978,(anonymous_831)
FN:7983,(anonymous_832)
FN:7984,toString
FN:7991,toString
FN:8004,(anonymous_835)
FN:8013,(anonymous_836)
FN:8014,Set
FN:8017,add
FN:8030,(anonymous_839)
FN:8035,(anonymous_840)
FN:8036,anchor
FN:8049,(anonymous_842)
FN:8054,(anonymous_843)
FN:8055,big
FN:8068,(anonymous_845)
FN:8073,(anonymous_846)
FN:8074,blink
FN:8087,(anonymous_848)
FN:8092,(anonymous_849)
FN:8093,bold
FN:8106,(anonymous_851)
FN:8114,codePointAt
FN:8127,(anonymous_853)
FN:8139,endsWith
FN:8159,(anonymous_855)
FN:8164,(anonymous_856)
FN:8165,fixed
FN:8178,(anonymous_858)
FN:8183,(anonymous_859)
FN:8184,fontcolor
FN:8197,(anonymous_861)
FN:8202,(anonymous_862)
FN:8203,fontsize
FN:8216,(anonymous_864)
FN:8226,fromCodePoint
FN:8250,(anonymous_866)
FN:8260,includes
FN:8274,(anonymous_868)
FN:8279,(anonymous_869)
FN:8280,italics
FN:8293,(anonymous_871)
FN:8300,(anonymous_872)
FN:8304,(anonymous_873)
FN:8322,(anonymous_874)
FN:8327,(anonymous_875)
FN:8328,link
FN:8341,(anonymous_877)
FN:8349,raw
FN:8370,(anonymous_879)
FN:8387,(anonymous_880)
FN:8392,(anonymous_881)
FN:8393,small
FN:8406,(anonymous_883)
FN:8418,startsWith
FN:8436,(anonymous_885)
FN:8441,(anonymous_886)
FN:8442,strike
FN:8455,(anonymous_888)
FN:8460,(anonymous_889)
FN:8461,sub
FN:8474,(anonymous_891)
FN:8479,(anonymous_892)
FN:8480,sup
FN:8493,(anonymous_894)
FN:8498,(anonymous_895)
FN:8499,trim
FN:8512,(anonymous_897)
FN:8562,(anonymous_898)
FN:8564,(anonymous_899)
FN:8566,(anonymous_900)
FN:8573,(anonymous_901)
FN:8579,(anonymous_902)
FN:8581,(anonymous_903)
FN:8585,defineProperty
FN:8600,defineProperties
FN:8609,create
FN:8612,propertyIsEnumerable
FN:8617,getOwnPropertyDescriptor
FN:8625,getOwnPropertyNames
FN:8634,getOwnPropertySymbols
FN:8647,Symbol
FN:8650,(anonymous_912)
FN:8658,toString
FN:8672,(anonymous_914)
FN:8688,(anonymous_915)
FN:8694,keyFor
FN:8698,(anonymous_917)
FN:8699,(anonymous_918)
FN:8718,(anonymous_919)
FN:8725,stringify
FN:8732,(anonymous_921)
FN:8758,(anonymous_922)
FN:8782,isView
FN:8787,(anonymous_924)
FN:8791,slice
FN:8816,(anonymous_926)
FN:8831,(anonymous_927)
FN:8833,(anonymous_928)
FN:8834,Float32Array
FN:8847,(anonymous_930)
FN:8849,(anonymous_931)
FN:8850,Float64Array
FN:8863,(anonymous_933)
FN:8865,(anonymous_934)
FN:8866,Int16Array
FN:8879,(anonymous_936)
FN:8881,(anonymous_937)
FN:8882,Int32Array
FN:8895,(anonymous_939)
FN:8897,(anonymous_940)
FN:8898,Int8Array
FN:8911,(anonymous_942)
FN:8913,(anonymous_943)
FN:8914,Uint16Array
FN:8927,(anonymous_945)
FN:8929,(anonymous_946)
FN:8930,Uint32Array
FN:8943,(anonymous_948)
FN:8945,(anonymous_949)
FN:8946,Uint8Array
FN:8959,(anonymous_951)
FN:8961,(anonymous_952)
FN:8962,Uint8ClampedArray
FN:8975,(anonymous_954)
FN:8994,(anonymous_955)
FN:8995,WeakMap
FN:9002,get
FN:9010,set
FN:9019,(anonymous_959)
FN:9023,(anonymous_960)
FN:9026,(anonymous_961)
FN:9046,(anonymous_962)
FN:9055,(anonymous_963)
FN:9056,WeakSet
FN:9059,add
FN:9072,(anonymous_966)
FN:9085,flatMap
FN:9106,(anonymous_968)
FN:9119,flatten
FN:9139,(anonymous_970)
FN:9148,includes
FN:9163,(anonymous_972)
FN:9172,asap
FN:9186,(anonymous_974)
FN:9193,isError
FN:9206,(anonymous_976)
FN:9221,(anonymous_977)
FN:9234,(anonymous_978)
FN:9247,(anonymous_979)
FN:9262,(anonymous_980)
FN:9268,clamp
FN:9281,(anonymous_982)
FN:9296,(anonymous_983)
FN:9303,degrees
FN:9316,(anonymous_985)
FN:9324,fscale
FN:9337,(anonymous_987)
FN:9343,iaddh
FN:9359,(anonymous_989)
FN:9365,imulh
FN:9386,(anonymous_991)
FN:9392,isubh
FN:9408,(anonymous_993)
FN:9423,(anonymous_994)
FN:9430,radians
FN:9443,(anonymous_996)
FN:9458,(anonymous_997)
FN:9463,signbit
FN:9476,(anonymous_999)
FN:9482,umulh
FN:9503,(anonymous_1001)
FN:9514,__defineGetter__
FN:9527,(anonymous_1003)
FN:9538,__defineSetter__
FN:9551,(anonymous_1005)
FN:9558,entries
FN:9571,(anonymous_1007)
FN:9581,getOwnPropertyDescriptors
FN:9604,(anonymous_1009)
FN:9616,__lookupGetter__
FN:9634,(anonymous_1011)
FN:9646,__lookupSetter__
FN:9664,(anonymous_1013)
FN:9671,values
FN:9684,(anonymous_1015)
FN:9702,(anonymous_1016)
FN:9706,(anonymous_1017)
FN:9714,(anonymous_1018)
FN:9718,(anonymous_1019)
FN:9725,(anonymous_1020)
FN:9734,(anonymous_1021)
FN:9745,unsubscribe
FN:9748,(anonymous_1023)
FN:9753,next
FN:9769,error
FN:9787,complete
FN:9807,Observable
FN:9812,subscribe
FN:9815,forEach
FN:9817,(anonymous_1030)
FN:9820,(anonymous_1031)
FN:9836,from
FN:9841,(anonymous_1033)
FN:9845,(anonymous_1034)
FN:9847,(anonymous_1035)
FN:9850,(anonymous_1036)
FN:9861,(anonymous_1037)
FN:9864,of
FN:9866,(anonymous_1039)
FN:9868,(anonymous_1040)
FN:9876,(anonymous_1041)
FN:9881,(anonymous_1042)
FN:9895,(anonymous_1043)
FN:9906,(anonymous_1044)
FN:9910,(anonymous_1045)
FN:9911,(anonymous_1046)
FN:9913,(anonymous_1047)
FN:9914,(anonymous_1048)
FN:9927,(anonymous_1049)
FN:9936,(anonymous_1050)
FN:9951,(anonymous_1051)
FN:9958,defineMetadata
FN:9970,(anonymous_1053)
FN:9978,deleteMetadata
FN:9996,(anonymous_1055)
FN:10006,(anonymous_1056)
FN:10014,getMetadataKeys
FN:10026,(anonymous_1058)
FN:10035,(anonymous_1059)
FN:10042,getMetadata
FN:10054,(anonymous_1061)
FN:10061,getOwnMetadataKeys
FN:10073,(anonymous_1063)
FN:10080,getOwnMetadata
FN:10093,(anonymous_1065)
FN:10101,(anonymous_1066)
FN:10108,hasMetadata
FN:10120,(anonymous_1068)
FN:10127,hasOwnMetadata
FN:10140,(anonymous_1070)
FN:10148,metadata
FN:10149,decorator
FN:10166,(anonymous_1073)
FN:10179,(anonymous_1074)
FN:10192,(anonymous_1075)
FN:10207,(anonymous_1076)
FN:10216,at
FN:10229,(anonymous_1078)
FN:10241,(anonymous_1079)
FN:10246,next
FN:10252,matchAll
FN:10271,(anonymous_1082)
FN:10282,padEnd
FN:10295,(anonymous_1084)
FN:10306,padStart
FN:10319,(anonymous_1086)
FN:10324,(anonymous_1087)
FN:10325,trimLeft
FN:10338,(anonymous_1089)
FN:10343,(anonymous_1090)
FN:10344,trimRight
FN:10357,(anonymous_1092)
FN:10369,(anonymous_1093)
FN:10381,(anonymous_1094)
FN:10396,(anonymous_1095)
FN:10409,(anonymous_1096)
FN:10422,(anonymous_1097)
FN:10435,(anonymous_1098)
FN:10448,(anonymous_1099)
FN:10517,(anonymous_1100)
FN:10534,(anonymous_1101)
FN:10542,(anonymous_1102)
FN:10543,(anonymous_1103)
FN:10546,(anonymous_1104)
FN:10565,(anonymous_1105)
FN:10773,(anonymous_1106)
FN:10777,after
FN:10784,proxy
FN:10802,noop
FN:10812,(anonymous_1110)
FN:10821,(anonymous_1111)
FN:10852,(anonymous_1112)
FN:10863,(anonymous_1113)
FN:10876,xhrAdapter
FN:10877,dispatchXhrRequest
FN:10899,handleProgress
FN:10900,handleTimeout
FN:10916,handleLoad
FN:10949,handleError
FN:10959,handleTimeout
FN:10984,setRequestHeader
FN:11023,onCanceled
FN:11052,(anonymous_1123)
FN:11068,createInstance
FN:11088,create
FN:11098,all
FN:11116,(anonymous_1127)
FN:11127,Cancel
FN:11131,toString
FN:11147,(anonymous_1130)
FN:11160,CancelToken
FN:11166,promiseExecutor
FN:11171,cancel
FN:11185,throwIfRequested
FN:11195,source
FN:11197,executor
FN:11216,(anonymous_1137)
FN:11221,isCancel
FN:11233,(anonymous_1139)
FN:11250,Axios
FN:11263,request
FN:11283,unshiftRequestInterceptors
FN:11287,pushResponseInterceptors
FN:11299,forEachMethodNoData
FN:11301,(anonymous_1145)
FN:11309,forEachMethodWithData
FN:11311,(anonymous_1147)
FN:11330,(anonymous_1148)
FN:11337,InterceptorManager
FN:11349,use
FN:11362,eject
FN:11376,forEach
FN:11377,forEachHandler
FN:11394,(anonymous_1154)
FN:11410,createError
FN:11423,(anonymous_1156)
FN:11436,throwIfCancellationRequested
FN:11448,dispatchRequest
FN:11470,cleanHeaderConfig
FN:11477,onAdapterResolution
FN:11488,onAdapterRejection
FN:11514,(anonymous_1162)
FN:11528,enhanceError
FN:11545,(anonymous_1164)
FN:11559,settle
FN:11582,(anonymous_1166)
FN:11597,transformData
FN:11599,transform
FN:11614,(anonymous_1169)
FN:11617,(anonymous_1170)
FN:11627,setContentTypeIfUnset
FN:11633,getDefaultAdapter
FN:11648,transformRequest
FN:11672,transformResponse
FN:11690,validateStatus
FN:11701,forEachMehtodNoData
FN:11705,forEachMethodWithData
FN:11720,(anonymous_1178)
FN:11725,bind
FN:11726,wrap
FN:11743,(anonymous_1181)
FN:11752,E
FN:11759,btoa
FN:11791,(anonymous_1184)
FN:11798,encode
FN:11816,buildURL
FN:11830,serialize
FN:11843,parseValue
FN:11871,(anonymous_1189)
FN:11883,combineURLs
FN:11895,(anonymous_1191)
FN:11906,standardBrowserEnv
FN:11908,write
FN:11931,read
FN:11936,remove
FN:11943,nonStandardBrowserEnv
FN:11945,write
FN:11946,read
FN:11947,remove
FN:11960,(anonymous_1200)
FN:11971,isAbsoluteURL
FN:11986,(anonymous_1202)
FN:11998,standardBrowserEnv
FN:12009,resolveURL
FN:12043,isURLSameOrigin
FN:12051,nonStandardBrowserEnv
FN:12052,isURLSameOrigin
FN:12066,(anonymous_1208)
FN:12073,normalizeHeaderName
FN:12074,processHeader
FN:12090,(anonymous_1211)
FN:12110,parseHeaders
FN:12118,parser
FN:12139,(anonymous_1214)
FN:12164,spread
FN:12165,wrap
FN:12178,(anonymous_1217)
FN:12197,isArray
FN:12207,isArrayBuffer
FN:12217,isFormData
FN:12227,isArrayBufferView
FN:12243,isString
FN:12253,isNumber
FN:12263,isUndefined
FN:12273,isObject
FN:12283,isDate
FN:12293,isFile
FN:12303,isBlob
FN:12313,isFunction
FN:12323,isStream
FN:12333,isURLSearchParams
FN:12343,trim
FN:12360,isStandardBrowserEnv
FN:12380,forEach
FN:12424,merge
FN:12426,assignValue
FN:12448,extend
FN:12449,assignValue
FN:12489,(anonymous_1239)
FN:12510,Backoff
FN:12526,(anonymous_1241)
FN:12542,(anonymous_1242)
FN:12552,(anonymous_1243)
FN:12562,(anonymous_1244)
FN:12572,(anonymous_1245)
FN:12585,(anonymous_1246)
FN:12594,(anonymous_1247)
FN:12605,(anonymous_1248)
FN:12625,(anonymous_1249)
FN:12663,(anonymous_1250)
FN:12687,getLens
FN:12707,byteLength
FN:12714,_byteLength
FN:12718,toByteArray
FN:12763,tripletToBase64
FN:12770,encodeChunk
FN:12783,fromByteArray
FN:12826,(anonymous_1258)
FN:12828,(anonymous_1259)
FN:12841,(anonymous_1260)
FN:12855,(anonymous_1261)
FN:12878,mapArrayBufferViews
FN:12897,BlobBuilderConstructor
FN:12910,BlobConstructor
FN:12915,(anonymous_1265)
FN:12934,(anonymous_1266)
FN:12937,(anonymous_1267)
FN:12988,typedArraySupport
FN:12991,(anonymous_1269)
FN:13000,kMaxLength
FN:13006,createBuffer
FN:13035,Buffer
FN:13055,(anonymous_1273)
FN:13060,from
FN:13084,(anonymous_1275)
FN:13101,assertSize
FN:13109,alloc
FN:13129,(anonymous_1278)
FN:13133,allocUnsafe
FN:13147,(anonymous_1280)
FN:13153,(anonymous_1281)
FN:13157,fromString
FN:13181,fromArrayLike
FN:13190,fromArrayBuffer
FN:13220,fromObject
FN:13250,checked
FN:13260,SlowBuffer
FN:13267,isBuffer
FN:13271,compare
FN:13294,isEncoding
FN:13313,concat
FN:13343,byteLength
FN:13388,slowToString
FN:13462,swap
FN:13468,swap16
FN:13479,swap32
FN:13491,swap64
FN:13505,toString
FN:13512,equals
FN:13518,inspect
FN:13528,compare
FN:13596,bidirectionalIndexOf
FN:13653,arrayIndexOf
FN:13672,read
FN:13709,includes
FN:13713,indexOf
FN:13717,lastIndexOf
FN:13721,hexWrite
FN:13748,utf8Write
FN:13752,asciiWrite
FN:13756,latin1Write
FN:13760,base64Write
FN:13764,ucs2Write
FN:13768,write
FN:13840,toJSON
FN:13847,base64Slice
FN:13855,utf8Slice
FN:13933,decodeCodePointsArray
FN:13951,asciiSlice
FN:13961,latin1Slice
FN:13971,hexSlice
FN:13984,utf16leSlice
FN:13993,slice
FN:14032,checkOffset
FN:14037,readUIntLE
FN:14052,readUIntBE
FN:14068,readUInt8
FN:14073,readUInt16LE
FN:14078,readUInt16BE
FN:14083,readUInt32LE
FN:14092,readUInt32BE
FN:14101,readIntLE
FN:14119,readIntBE
FN:14137,readInt8
FN:14143,readInt16LE
FN:14149,readInt16BE
FN:14155,readInt32LE
FN:14164,readInt32BE
FN:14173,readFloatLE
FN:14178,readFloatBE
FN:14183,readDoubleLE
FN:14188,readDoubleBE
FN:14193,checkInt
FN:14199,writeUIntLE
FN:14218,writeUIntBE
FN:14237,writeUInt8
FN:14246,objectWriteUInt16
FN:14254,writeUInt16LE
FN:14267,writeUInt16BE
FN:14280,objectWriteUInt32
FN:14287,writeUInt32LE
FN:14302,writeUInt32BE
FN:14317,writeIntLE
FN:14340,writeIntBE
FN:14363,writeInt8
FN:14373,writeInt16LE
FN:14386,writeInt16BE
FN:14399,writeInt32LE
FN:14414,writeInt32BE
FN:14430,checkIEEE754
FN:14435,writeFloat
FN:14443,writeFloatLE
FN:14447,writeFloatBE
FN:14451,writeDouble
FN:14459,writeDoubleLE
FN:14463,writeDoubleBE
FN:14468,copy
FN:14520,fill
FN:14584,base64clean
FN:14596,stringtrim
FN:14601,toHex
FN:14606,utf8ToBytes
FN:14686,asciiToBytes
FN:14695,utf16leToBytes
FN:14711,base64ToBytes
FN:14715,blitBuffer
FN:14723,isnan
FN:14736,(anonymous_1378)
FN:14753,(anonymous_1379)
FN:14757,(anonymous_1380)
FN:14770,(anonymous_1381)
FN:14787,Emitter
FN:14799,mixin
FN:14816,(anonymous_1384)
FN:14833,(anonymous_1385)
FN:14834,on
FN:14857,(anonymous_1387)
FN:14896,(anonymous_1388)
FN:14919,(anonymous_1389)
FN:14932,(anonymous_1390)
FN:14944,(anonymous_1391)
FN:14947,(anonymous_1392)
FN:14948,(anonymous_1393)
FN:14961,(anonymous_1394)
FN:14963,(anonymous_1395)
FN:14967,(anonymous_1396)
FN:14971,(anonymous_1397)
FN:14976,(anonymous_1398)
FN:14990,(anonymous_1399)
FN:14999,inherits
FN:15011,Diff
FN:15024,DiffEdit
FN:15037,DiffNew
FN:15046,DiffDeleted
FN:15055,DiffArray
FN:15068,arrayRemove
FN:15075,realTypeOf
FN:15095,deepDiff
FN:15152,(anonymous_1409)
FN:15161,(anonymous_1410)
FN:15174,accumulateDiff
FN:15177,(anonymous_1412)
FN:15186,applyArrayChange
FN:15222,applyChange
FN:15248,revertArrayChange
FN:15290,revertChange
FN:15323,applyDiff
FN:15325,(anonymous_1418)
FN:15357,(anonymous_1419)
FN:15363,(anonymous_1420)
FN:15365,(anonymous_1421)
FN:15388,(anonymous_1422)
FN:15409,(anonymous_1423)
FN:15411,(anonymous_1424)
FN:15437,Socket
FN:15566,(anonymous_1426)
FN:15615,clone
FN:15630,(anonymous_1428)
FN:15637,(anonymous_1429)
FN:15665,(anonymous_1430)
FN:15679,(anonymous_1431)
FN:15682,(anonymous_1432)
FN:15685,(anonymous_1433)
FN:15688,(anonymous_1434)
FN:15700,(anonymous_1435)
FN:15708,onTransportOpen
FN:15717,(anonymous_1437)
FN:15727,(anonymous_1438)
FN:15750,freezeTransport
FN:15763,onerror
FN:15774,onTransportClose
FN:15779,onclose
FN:15784,onupgrade
FN:15792,cleanup
FN:15816,(anonymous_1445)
FN:15839,(anonymous_1446)
FN:15882,(anonymous_1447)
FN:15905,(anonymous_1448)
FN:15908,(anonymous_1449)
FN:15921,(anonymous_1450)
FN:15924,(anonymous_1451)
FN:15937,(anonymous_1452)
FN:15939,(anonymous_1453)
FN:15950,(anonymous_1454)
FN:15971,(anonymous_1455)
FN:15994,(anonymous_1456)
FN:16009,(anonymous_1457)
FN:16044,(anonymous_1458)
FN:16051,(anonymous_1459)
FN:16065,close
FN:16071,cleanupAndClose
FN:16077,waitForUpgrade
FN:16092,(anonymous_1463)
FN:16105,(anonymous_1464)
FN:16147,(anonymous_1465)
FN:16164,(anonymous_1466)
FN:16186,Transport
FN:16228,(anonymous_1468)
FN:16242,(anonymous_1469)
FN:16257,(anonymous_1470)
FN:16273,(anonymous_1471)
FN:16287,(anonymous_1472)
FN:16300,(anonymous_1473)
FN:16309,(anonymous_1474)
FN:16319,(anonymous_1475)
FN:16332,(anonymous_1476)
FN:16334,(anonymous_1477)
FN:16357,polling
FN:16397,(anonymous_1479)
FN:16399,(anonymous_1480)
FN:16430,empty
FN:16439,JSONPPolling
FN:16457,(anonymous_1483)
FN:16466,(anonymous_1484)
FN:16490,(anonymous_1485)
FN:16511,(anonymous_1486)
FN:16522,(anonymous_1487)
FN:16537,(anonymous_1488)
FN:16553,(anonymous_1489)
FN:16579,complete
FN:16584,initIframe
FN:16621,(anonymous_1492)
FN:16640,(anonymous_1493)
FN:16642,(anonymous_1494)
FN:16663,empty
FN:16672,XHR
FN:16711,(anonymous_1497)
FN:16744,(anonymous_1498)
FN:16749,(anonymous_1499)
FN:16761,(anonymous_1500)
FN:16765,(anonymous_1501)
FN:16768,(anonymous_1502)
FN:16781,Request
FN:16821,(anonymous_1504)
FN:16874,(anonymous_1505)
FN:16877,(anonymous_1506)
FN:16881,(anonymous_1507)
FN:16896,(anonymous_1508)
FN:16909,(anonymous_1509)
FN:16927,(anonymous_1510)
FN:16938,(anonymous_1511)
FN:16949,(anonymous_1512)
FN:16960,(anonymous_1513)
FN:16990,(anonymous_1514)
FN:17016,(anonymous_1515)
FN:17026,(anonymous_1516)
FN:17047,unloadHandler
FN:17064,(anonymous_1518)
FN:17087,(anonymous_1519)
FN:17100,Polling
FN:17127,(anonymous_1521)
FN:17138,(anonymous_1522)
FN:17143,pause
FN:17155,(anonymous_1524)
FN:17164,(anonymous_1525)
FN:17180,(anonymous_1526)
FN:17193,(anonymous_1527)
FN:17196,(anonymous_1528)
FN:17235,(anonymous_1529)
FN:17238,close
FN:17262,(anonymous_1531)
FN:17265,(anonymous_1532)
FN:17270,(anonymous_1533)
FN:17281,(anonymous_1534)
FN:17320,(anonymous_1535)
FN:17322,(anonymous_1536)
FN:17364,WS
FN:17404,(anonymous_1538)
FN:17458,(anonymous_1539)
FN:17461,(anonymous_1540)
FN:17464,(anonymous_1541)
FN:17467,(anonymous_1542)
FN:17470,(anonymous_1543)
FN:17482,(anonymous_1544)
FN:17490,(anonymous_1545)
FN:17491,(anonymous_1546)
FN:17526,done
FN:17531,(anonymous_1548)
FN:17544,(anonymous_1549)
FN:17554,(anonymous_1550)
FN:17566,(anonymous_1551)
FN:17605,(anonymous_1552)
FN:17618,(anonymous_1553)
FN:17620,(anonymous_1554)
FN:17624,(anonymous_1555)
FN:17667,(anonymous_1556)
FN:17669,(anonymous_1557)
FN:17712,useColors
FN:17741,(anonymous_1559)
FN:17756,formatArgs
FN:17776,(anonymous_1561)
FN:17796,log
FN:17811,save
FN:17828,load
FN:17859,localstorage
FN:17874,(anonymous_1566)
FN:17918,selectColor
FN:17937,createDebug
FN:17941,debug
FN:17970,(anonymous_1570)
FN:18009,destroy
FN:18027,enable
FN:18059,disable
FN:18071,enabled
FN:18097,coerce
FN:18110,(anonymous_1576)
FN:18112,(anonymous_1577)
FN:18200,(anonymous_1578)
FN:18238,encodeBase64Object
FN:18248,encodeArrayBuffer
FN:18265,encodeBlobAsArrayBuffer
FN:18271,(anonymous_1582)
FN:18278,encodeBlob
FN:18301,(anonymous_1584)
FN:18305,(anonymous_1585)
FN:18335,(anonymous_1586)
FN:18373,tryDecode
FN:18389,(anonymous_1588)
FN:18420,(anonymous_1589)
FN:18440,setLengthHeader
FN:18444,encodeOne
FN:18445,(anonymous_1592)
FN:18450,(anonymous_1593)
FN:18459,map
FN:18463,(anonymous_1595)
FN:18464,(anonymous_1596)
FN:18483,(anonymous_1597)
FN:18559,(anonymous_1598)
FN:18564,encodeOne
FN:18565,(anonymous_1600)
FN:18570,(anonymous_1601)
FN:18571,(anonymous_1602)
FN:18584,(anonymous_1603)
FN:18621,(anonymous_1604)
FN:18622,encodeOne
FN:18623,(anonymous_1606)
FN:18653,(anonymous_1607)
FN:18667,(anonymous_1608)
FN:18714,(anonymous_1609)
FN:18728,(anonymous_1610)
FN:18738,keys
FN:18758,(anonymous_1612)
FN:18760,(anonymous_1613)
FN:18761,(anonymous_1614)
FN:18782,ucs2decode
FN:18809,ucs2encode
FN:18826,checkScalarValue
FN:18840,createByte
FN:18844,encodeCodePoint
FN:18868,utf8encode
FN:18886,readContinuationByte
FN:18902,decodeSymbol
FN:18967,utf8decode
FN:18995,(anonymous_1624)
FN:19012,(anonymous_1625)
FN:19056,(anonymous_1626)
FN:19081,camelize
FN:19082,(anonymous_1628)
FN:19096,(anonymous_1629)
FN:19131,camelizeStyleName
FN:19144,(anonymous_1631)
FN:19165,containsNode
FN:19192,(anonymous_1633)
FN:19206,makeEmptyFunction
FN:19207,(anonymous_1635)
FN:19217,emptyFunction
FN:19223,(anonymous_1637)
FN:19226,(anonymous_1638)
FN:19239,(anonymous_1639)
FN:19267,(anonymous_1640)
FN:19293,getActiveElement
FN:19314,(anonymous_1642)
FN:19342,hyphenate
FN:19355,(anonymous_1644)
FN:19389,hyphenateStyleName
FN:19402,(anonymous_1646)
FN:19426,validateFormat
FN:19429,validateFormat
FN:19436,invariant
FN:19446,(anonymous_1650)
FN:19466,(anonymous_1651)
FN:19484,isNode
FN:19499,(anonymous_1653)
FN:19519,isTextNode
FN:19532,(anonymous_1655)
FN:19555,is
FN:19573,shallowEqual
FN:19608,(anonymous_1658)
FN:19633,printWarning
FN:19639,(anonymous_1660)
FN:19653,warning
FN:19681,(anonymous_1662)
FN:19683,(anonymous_1663)
FN:19712,hasBinary
FN:19757,(anonymous_1665)
FN:19761,(anonymous_1666)
FN:19773,(anonymous_1667)
FN:19801,(anonymous_1668)
FN:19809,addEventListener
FN:19813,removeEventListener
FN:19817,getConfirmation
FN:19828,supportsHistory
FN:19840,supportsPopStateOnHashChange
FN:19847,supportsGoWithoutReloadUsingHash
FN:19856,isExtraneousPopstateEvent
FN:19867,(anonymous_1676)
FN:19875,(anonymous_1677)
FN:19887,_interopRequireDefault
FN:19889,createLocation
FN:19945,locationsAreEqual
FN:19956,(anonymous_1681)
FN:19962,addLeadingSlash
FN:19966,stripLeadingSlash
FN:19970,hasBasename
FN:19974,stripBasename
FN:19978,stripTrailingSlash
FN:19982,parsePath
FN:20006,createPath
FN:20028,(anonymous_1689)
FN:20035,(anonymous_1690)
FN:20035,(anonymous_1691)
FN:20037,(anonymous_1692)
FN:20057,_interopRequireDefault
FN:20062,getHistoryState
FN:20076,createBrowserHistory
FN:20094,getDOMLocation
FN:20114,createKey
FN:20120,setState
FN:20128,handlePopState
FN:20135,handleHashChange
FN:20141,handlePop
FN:20148,(anonymous_1702)
FN:20158,revertPop
FN:20186,createHref
FN:20190,push
FN:20196,(anonymous_1706)
FN:20226,replace
FN:20232,(anonymous_1708)
FN:20260,go
FN:20264,goBack
FN:20268,goForward
FN:20274,checkDOMListeners
FN:20290,block
FN:20300,(anonymous_1714)
FN:20310,listen
FN:20314,(anonymous_1716)
FN:20346,(anonymous_1717)
FN:20353,(anonymous_1718)
FN:20353,(anonymous_1719)
FN:20355,(anonymous_1720)
FN:20369,_interopRequireDefault
FN:20371,clamp
FN:20378,createMemoryHistory
FN:20391,setState
FN:20399,createKey
FN:20404,(anonymous_1726)
FN:20412,push
FN:20418,(anonymous_1728)
FN:20440,replace
FN:20446,(anonymous_1730)
FN:20455,go
FN:20461,(anonymous_1732)
FN:20476,goBack
FN:20480,goForward
FN:20484,canGo
FN:20489,block
FN:20494,listen
FN:20527,(anonymous_1738)
FN:20538,_interopRequireDefault
FN:20540,createTransitionManager
FN:20543,setPrompt
FN:20548,(anonymous_1742)
FN:20553,confirmTransitionTo
FN:20579,appendListener
FN:20582,listener
FN:20588,(anonymous_1746)
FN:20590,(anonymous_1747)
FN:20596,notifyListeners
FN:20601,(anonymous_1749)
FN:20623,(anonymous_1750)
FN:20627,(anonymous_1751)
FN:20628,(anonymous_1752)
FN:20629,(anonymous_1753)
FN:20630,(anonymous_1754)
FN:20631,(anonymous_1755)
FN:20632,(anonymous_1756)
FN:20633,(anonymous_1757)
FN:20634,(anonymous_1758)
FN:20637,addEventListener
FN:20641,removeEventListener
FN:20645,getConfirmation
FN:20656,supportsHistory
FN:20668,supportsPopStateOnHashChange
FN:20675,supportsGoWithoutReloadUsingHash
FN:20684,isExtraneousPopstateEvent
FN:20695,(anonymous_1766)
FN:20699,(anonymous_1767)
FN:20700,(anonymous_1768)
FN:20704,(anonymous_1769)
FN:20710,createLocation
FN:20766,locationsAreEqual
FN:20777,(anonymous_1772)
FN:20781,(anonymous_1773)
FN:20782,(anonymous_1774)
FN:20783,(anonymous_1775)
FN:20784,(anonymous_1776)
FN:20785,(anonymous_1777)
FN:20786,(anonymous_1778)
FN:20787,(anonymous_1779)
FN:20788,addLeadingSlash
FN:20792,stripLeadingSlash
FN:20796,hasBasename
FN:20800,stripBasename
FN:20804,stripTrailingSlash
FN:20808,parsePath
FN:20832,createPath
FN:20854,(anonymous_1787)
FN:20866,(anonymous_1788)
FN:20866,(anonymous_1789)
FN:20868,(anonymous_1790)
FN:20880,getHistoryState
FN:20894,createBrowserHistory
FN:20912,getDOMLocation
FN:20932,createKey
FN:20938,setState
FN:20946,handlePopState
FN:20953,handleHashChange
FN:20959,handlePop
FN:20966,(anonymous_1799)
FN:20976,revertPop
FN:21004,createHref
FN:21008,push
FN:21014,(anonymous_1803)
FN:21044,replace
FN:21050,(anonymous_1805)
FN:21078,go
FN:21082,goBack
FN:21086,goForward
FN:21092,checkDOMListeners
FN:21108,block
FN:21118,(anonymous_1811)
FN:21128,listen
FN:21132,(anonymous_1813)
FN:21164,(anonymous_1814)
FN:21176,(anonymous_1815)
FN:21189,encodePath
FN:21192,decodePath
FN:21206,getHashPath
FN:21214,pushHashPath
FN:21218,replaceHashPath
FN:21224,createHashHistory
FN:21244,getDOMLocation
FN:21256,setState
FN:21267,handleHashChange
FN:21288,handlePop
FN:21295,(anonymous_1826)
FN:21305,revertPop
FN:21339,createHref
FN:21343,push
FN:21349,(anonymous_1830)
FN:21378,replace
FN:21384,(anonymous_1832)
FN:21407,go
FN:21413,goBack
FN:21417,goForward
FN:21423,checkDOMListeners
FN:21435,block
FN:21445,(anonymous_1838)
FN:21455,listen
FN:21459,(anonymous_1840)
FN:21491,(anonymous_1841)
FN:21500,(anonymous_1842)
FN:21500,(anonymous_1843)
FN:21502,(anonymous_1844)
FN:21509,clamp
FN:21516,createMemoryHistory
FN:21529,setState
FN:21537,createKey
FN:21542,(anonymous_1849)
FN:21550,push
FN:21556,(anonymous_1851)
FN:21578,replace
FN:21584,(anonymous_1853)
FN:21593,go
FN:21599,(anonymous_1855)
FN:21614,goBack
FN:21618,goForward
FN:21622,canGo
FN:21627,block
FN:21632,listen
FN:21665,(anonymous_1861)
FN:21673,createTransitionManager
FN:21676,setPrompt
FN:21681,(anonymous_1864)
FN:21686,confirmTransitionTo
FN:21712,appendListener
FN:21715,listener
FN:21721,(anonymous_1868)
FN:21723,(anonymous_1869)
FN:21729,notifyListeners
FN:21734,(anonymous_1871)
FN:21756,(anonymous_1872)
FN:21761,(anonymous_1873)
FN:21764,(anonymous_1874)
FN:21767,(anonymous_1875)
FN:21770,(anonymous_1876)
FN:21772,(anonymous_1877)
FN:21775,(anonymous_1878)
FN:21777,(anonymous_1879)
FN:21796,(anonymous_1880)
FN:21802,(anonymous_1881)
FN:21805,(anonymous_1882)
FN:21837,hoistNonReactStatics
FN:21878,(anonymous_1884)
FN:21880,(anonymous_1885)
FN:21913,(anonymous_1886)
FN:21973,(anonymous_1887)
FN:21978,(anonymous_1888)
FN:21993,(anonymous_1889)
FN:22016,(anonymous_1890)
FN:22034,(anonymous_1891)
FN:22054,(anonymous_1892)
FN:22058,(anonymous_1893)
FN:22070,(anonymous_1894)
FN:22090,(anonymous_1895)
FN:22115,baseGetTag
FN:22134,(anonymous_1897)
FN:22138,(anonymous_1898)
FN:22152,(anonymous_1899)
FN:22172,(anonymous_1900)
FN:22202,getRawTag
FN:22232,(anonymous_1902)
FN:22253,objectToString
FN:22267,(anonymous_1904)
FN:22279,overArg
FN:22280,(anonymous_1906)
FN:22295,(anonymous_1907)
FN:22318,(anonymous_1908)
FN:22346,isObjectLike
FN:22360,(anonymous_1910)
FN:22415,isPlainObject
FN:22438,(anonymous_1912)
FN:22464,(anonymous_1913)
FN:22486,parse
FN:22547,fmtShort
FN:22571,fmtLong
FN:22583,plural
FN:22601,(anonymous_1918)
FN:22611,(anonymous_1919)
FN:22631,(anonymous_1920)
FN:22649,(anonymous_1921)
FN:22664,parseuri
FN:22699,(anonymous_1923)
FN:22712,defaultSetTimout
FN:22715,defaultClearTimeout
FN:22718,(anonymous_1926)
FN:22738,runTimeout
FN:22763,runClearTimeout
FN:22795,cleanUpNextTick
FN:22810,drainQueue
FN:22834,(anonymous_1931)
FN:22848,Item
FN:22852,(anonymous_1933)
FN:22862,noop
FN:22874,(anonymous_1935)
FN:22876,(anonymous_1936)
FN:22880,(anonymous_1937)
FN:22881,(anonymous_1938)
FN:22884,(anonymous_1939)
FN:22894,(anonymous_1940)
FN:22906,(anonymous_1941)
FN:22912,(anonymous_1942)
FN:22937,checkPropTypes
FN:22997,(anonymous_1944)
FN:23014,(anonymous_1945)
FN:23017,(anonymous_1946)
FN:23031,emptyFunctionThatReturnsNull
FN:23035,(anonymous_1948)
FN:23054,getIteratorFn
FN:23138,is
FN:23158,PropTypeError
FN:23165,createChainableTypeChecker
FN:23170,checkType
FN:23223,createPrimitiveTypeChecker
FN:23224,validate
FN:23240,createAnyTypeChecker
FN:23244,createArrayOfTypeChecker
FN:23245,validate
FN:23265,createElementTypeChecker
FN:23266,validate
FN:23277,createInstanceTypeChecker
FN:23278,validate
FN:23289,createEnumTypeChecker
FN:23295,validate
FN:23309,createObjectOfTypeChecker
FN:23310,validate
FN:23332,createUnionTypeChecker
FN:23349,validate
FN:23362,createNodeChecker
FN:23363,validate
FN:23372,createShapeTypeChecker
FN:23373,validate
FN:23394,createStrictShapeTypeChecker
FN:23395,validate
FN:23424,isNode
FN:23471,isSymbol
FN:23491,getPropType
FN:23510,getPreciseType
FN:23527,getPostfixForTypeWarning
FN:23543,getClassName
FN:23564,(anonymous_1981)
FN:23579,(anonymous_1982)
FN:23599,(anonymous_1983)
FN:23623,(anonymous_1984)
FN:23638,toObject
FN:23646,shouldUseNative
FN:23666,(anonymous_1987)
FN:23675,(anonymous_1988)
FN:23690,(anonymous_1989)
FN:23725,(anonymous_1990)
FN:23742,(anonymous_1991)
FN:23764,(anonymous_1992)
FN:23801,(anonymous_1993)
FN:23821,callCallback
FN:23847,onError
FN:23913,(anonymous_1996)
FN:23927,(anonymous_1997)
FN:23942,(anonymous_1998)
FN:23946,(anonymous_1999)
FN:23950,(anonymous_2000)
FN:23962,(anonymous_2001)
FN:23986,recomputePluginOrdering
FN:24015,publishEventForPlugin
FN:24042,publishRegistrationName
FN:24101,injectEventPluginOrder
FN:24118,injectEventPluginsByName
FN:24151,(anonymous_2007)
FN:24164,(anonymous_2008)
FN:24185,executeDispatch
FN:24195,executeDispatchesInOrder
FN:24250,accumulateInto
FN:24285,forEachAccumulated
FN:24306,(anonymous_2013)
FN:24315,(anonymous_2014)
FN:24318,(anonymous_2015)
FN:24322,isInteractive
FN:24326,shouldPreventMouseEvent
FN:24388,getListener
FN:24418,extractEvents
FN:24433,runEventsInBatch
FN:24457,runExtractedEventsInBatch
FN:24491,precacheFiberNode
FN:24499,getClosestInstanceFromNode
FN:24527,getInstanceFromNode$1
FN:24543,getNodeFromInstance$1
FN:24555,getFiberCurrentPropsFromNode$1
FN:24559,updateFiberProps
FN:24572,getParent
FN:24591,getLowestCommonAncestor
FN:24633,getParentInstance
FN:24640,traverseTwoPhase
FN:24662,traverseEnterLeave
FN:24706,listenerAtPhase
FN:24727,accumulateDirectionalDispatches
FN:24745,accumulateTwoPhaseDispatchesSingle
FN:24754,accumulateTwoPhaseDispatchesSingleSkipTarget
FN:24767,accumulateDispatches
FN:24783,accumulateDirectDispatchesSingle
FN:24789,accumulateTwoPhaseDispatches
FN:24793,accumulateTwoPhaseDispatchesSkipTarget
FN:24797,accumulateEnterLeaveDispatches
FN:24801,accumulateDirectDispatches
FN:24816,unsafeCastStringToDOMTopLevelType
FN:24820,unsafeCastDOMTopLevelTypeToString
FN:24831,makePrefixMap
FN:24891,getVendorPrefixedEventName
FN:25003,getRawEventName
FN:25015,getTextContentAccessor
FN:25041,initialize
FN:25047,reset
FN:25053,getData
FN:25083,getText
FN:25109,(anonymous_2053)
FN:25134,SyntheticEvent
FN:25177,(anonymous_2055)
FN:25192,(anonymous_2056)
FN:25217,(anonymous_2057)
FN:25231,(anonymous_2058)
FN:25254,(anonymous_2059)
FN:25257,(anonymous_2060)
FN:25261,Class
FN:25287,(anonymous_2062)
FN:25290,(anonymous_2063)
FN:25292,(anonymous_2064)
FN:25316,getPooledWarningPropertyDefinition
FN:25324,set
FN:25330,get
FN:25337,warn
FN:25343,getPooledEvent
FN:25353,releasePooledEvent
FN:25362,addEventPoolingTo
FN:25450,isKeypressCommand
FN:25462,getCompositionEventType
FN:25481,isFallbackCompositionStart
FN:25492,isFallbackCompositionEnd
FN:25520,getDataFromCustomEvent
FN:25534,extractCompositionEvent
FN:25586,getNativeBeforeInputChars
FN:25640,getFallbackBeforeInputChars
FN:25704,extractBeforeInputEvent
FN:25747,(anonymous_2081)
FN:25769,(anonymous_2082)
FN:25779,restoreStateOfTarget
FN:25794,enqueueStateRestore
FN:25806,needsStateRestore
FN:25810,restoreStateIfNeeded
FN:25841,(anonymous_2087)
FN:25844,(anonymous_2088)
FN:25847,(anonymous_2089)
FN:25850,batchedUpdates
FN:25876,interactiveUpdates
FN:25883,(anonymous_2092)
FN:25911,isTextInputElement
FN:25942,getEventTarget
FN:25971,isEventSupported
FN:25988,isCheckable
FN:25994,getTracker
FN:25998,detachTracker
FN:26002,getValueFromNode
FN:26017,trackValueOnNode
FN:26035,(anonymous_2101)
FN:26038,(anonymous_2102)
FN:26052,(anonymous_2103)
FN:26055,(anonymous_2104)
FN:26058,(anonymous_2105)
FN:26066,track
FN:26075,updateValueIfChanged
FN:26101,(anonymous_2108)
FN:26123,getIteratorFn
FN:26134,getComponentName
FN:26171,describeFiber
FN:26193,getStackAddendumByWorkInProgressFiber
FN:26204,getCurrentFiberOwnerName$1
FN:26218,getCurrentFiberStackAddendum$1
FN:26231,resetCurrentFiber
FN:26237,setCurrentFiber
FN:26243,setCurrentPhase
FN:26303,isAttributeNameSafe
FN:26321,shouldIgnoreAttribute
FN:26334,shouldRemoveAttributeWithWarning
FN:26361,shouldRemoveAttribute
FN:26386,getPropertyInfo
FN:26390,PropertyInfoRecord
FN:26409,(anonymous_2124)
FN:26418,(anonymous_2125)
FN:26431,(anonymous_2126)
FN:26442,(anonymous_2127)
FN:26455,(anonymous_2128)
FN:26467,(anonymous_2129)
FN:26476,(anonymous_2130)
FN:26484,(anonymous_2131)
FN:26492,(anonymous_2132)
FN:26500,(anonymous_2133)
FN:26509,(anonymous_2134)
FN:26517,(anonymous_2135)
FN:26524,(anonymous_2136)
FN:26542,getValueForProperty
FN:26601,getValueForAttribute
FN:26624,setValueForProperty
FN:26701,(anonymous_2140)
FN:26707,(anonymous_2141)
FN:26719,(anonymous_2142)
FN:26733,isControlled
FN:26755,getHostProps
FN:26769,initWrapperState
FN:26793,updateChecked
FN:26801,updateWrapper
FN:26843,postMountWrapper
FN:26883,restoreControlledState
FN:26889,updateNamedCousins
FN:26939,setDefaultValue
FN:26951,getSafeValue
FN:26975,createAndAccumulateChangeEvent
FN:26992,shouldUseChangeEvent
FN:26997,manualDispatchChangeEvent
FN:27014,runEventInBatch
FN:27018,getInstIfValueChanged
FN:27025,getTargetInstForChangeEvent
FN:27046,startWatchingForValueChange
FN:27056,stopWatchingForValueChange
FN:27069,handlePropertyChange
FN:27078,handleEventsForInputEventPolyfill
FN:27098,getTargetInstForInputEventPolyfill
FN:27117,shouldUseClickEvent
FN:27125,getTargetInstForClickEvent
FN:27131,getTargetInstForInputOrChangeEvent
FN:27137,handleControlledInputBlur
FN:27163,(anonymous_2168)
FN:27231,modifierStateGetter
FN:27241,getEventModifierState
FN:27263,(anonymous_2171)
FN:27312,(anonymous_2172)
FN:27409,get
FN:27413,has
FN:27417,set
FN:27446,isFiberMountedImpl
FN:27475,isFiberMounted
FN:27479,isMounted
FN:27497,assertIsMounted
FN:27501,findCurrentFiberUsingSlowPath
FN:27613,findCurrentHostFiber
FN:27646,findCurrentHostFiberWithNoPortals
FN:27679,addEventBubbleListener
FN:27683,addEventCaptureListener
FN:27703,(anonymous_2185)
FN:27726,getEventCharCode
FN:27824,getEventKey
FN:27868,(anonymous_2188)
FN:27879,(anonymous_2189)
FN:27892,(anonymous_2190)
FN:27944,(anonymous_2191)
FN:27948,(anonymous_2192)
FN:27988,addEventTypeNameToConfig
FN:28007,(anonymous_2194)
FN:28010,(anonymous_2195)
FN:28020,(anonymous_2196)
FN:28026,(anonymous_2197)
FN:28140,findRootContainerNode
FN:28155,getTopLevelCallbackBookKeeping
FN:28171,releaseTopLevelCallbackBookKeeping
FN:28181,handleTopLevel
FN:28211,setEnabled
FN:28215,isEnabled
FN:28228,trapBubbledEvent
FN:28248,trapCapturedEvent
FN:28259,dispatchInteractiveEvent
FN:28263,dispatchEvent
FN:28362,getListeningForDocument
FN:28393,listenTo
FN:28439,isListeningToAllDependencies
FN:28457,getLeafNode
FN:28471,getSiblingNode
FN:28487,getNodeForCharacterOffset
FN:28514,getOffsets
FN:28555,getModernOffsetsFromPoints
FN:28636,setOffsets
FN:28675,isInDocument
FN:28691,hasSelectionCapabilities
FN:28696,getSelectionInformation
FN:28709,restoreSelection
FN:28749,getSelection$1
FN:28772,setSelection
FN:28814,getSelection
FN:28837,constructSelectEvent
FN:28881,(anonymous_2225)
FN:28994,(anonymous_2226)
FN:28998,(anonymous_2227)
FN:29009,(anonymous_2228)
FN:29017,(anonymous_2229)
FN:29019,(anonymous_2230)
FN:29029,(anonymous_2231)
FN:29042,(anonymous_2232)
FN:29065,(anonymous_2233)
FN:29077,(anonymous_2234)
FN:29100,(anonymous_2235)
FN:29154,(anonymous_2236)
FN:29188,(anonymous_2237)
FN:29215,(anonymous_2238)
FN:29256,(anonymous_2239)
FN:29323,flattenChildren
FN:29330,(anonymous_2241)
FN:29346,validateProps
FN:29356,postMountWrapper$1
FN:29363,getHostProps$1
FN:29385,getDeclarationErrorAddendum
FN:29398,checkSelectPropTypes
FN:29415,updateOptions
FN:29473,getHostProps$2
FN:29479,initWrapperState$1
FN:29499,postMountWrapper$2
FN:29510,postUpdateWrapper
FN:29533,restoreControlledState$2
FN:29563,getHostProps$3
FN:29582,initWrapperState$2
FN:29622,updateWrapper$1
FN:29643,postMountWrapper$3
FN:29658,restoreControlledState$3
FN:29674,getIntrinsicNamespace
FN:29685,getChildNamespace
FN:29703,(anonymous_2260)
FN:29705,(anonymous_2261)
FN:29706,(anonymous_2262)
FN:29725,(anonymous_2263)
FN:29754,(anonymous_2264)
FN:29821,prefixKey
FN:29833,(anonymous_2266)
FN:29834,(anonymous_2267)
FN:29848,dangerousStyleValue
FN:29885,(anonymous_2269)
FN:29894,(anonymous_2270)
FN:29903,(anonymous_2271)
FN:29912,(anonymous_2272)
FN:29921,(anonymous_2273)
FN:29930,(anonymous_2274)
FN:29961,createDangerousStringForStyles
FN:29989,setValueForStyles
FN:30044,assertValidProps
FN:30062,isCustomComponent
FN:30635,getStackAddendum
FN:30640,validateProperty
FN:30685,warnInvalidARIAProps
FN:30695,(anonymous_2282)
FN:30706,validateProperties
FN:30715,getStackAddendum$1
FN:30720,validateProperties$1
FN:30735,getStackAddendum$2
FN:30740,(anonymous_2287)
FN:30750,(anonymous_2288)
FN:30863,(anonymous_2289)
FN:30872,(anonymous_2290)
FN:30882,validateProperties$2
FN:30934,(anonymous_2292)
FN:30948,(anonymous_2293)
FN:30953,(anonymous_2294)
FN:30966,(anonymous_2295)
FN:30979,(anonymous_2296)
FN:30985,(anonymous_2297)
FN:30991,(anonymous_2298)
FN:31001,(anonymous_2299)
FN:31012,ensureListeningTo
FN:31018,getOwnerDocumentFromRootContainer
FN:31022,trapClickOnNonInteractiveElement
FN:31035,setInitialDOMProperties
FN:31087,updateDOMProperties
FN:31104,createElement$1
FN:31156,createTextNode$1
FN:31160,setInitialProperties$1
FN:31271,diffProperties$1
FN:31436,updateProperties$1
FN:31469,getPossibleStandardName
FN:31480,diffHydratedProperties$1
FN:31729,diffHydratedText$1
FN:31734,warnForUnmatchedText$1
FN:31740,warnForDeletedHydratableElement$1
FN:31750,warnForDeletedHydratableText$1
FN:31760,warnForInsertedHydratedElement$1
FN:31770,warnForInsertedHydratedText$1
FN:31787,restoreControlledState$1
FN:31864,(anonymous_2319)
FN:31914,(anonymous_2320)
FN:31997,(anonymous_2321)
FN:32063,(anonymous_2322)
FN:32122,shim
FN:32161,shouldAutoFocusHostComponent
FN:32172,getRootHostContext
FN:32202,getChildHostContext
FN:32213,getPublicInstance
FN:32217,prepareForCommit
FN:32223,resetAfterCommit
FN:32230,createInstance
FN:32249,appendInitialChild
FN:32253,finalizeInitialChildren
FN:32258,prepareUpdate
FN:32270,shouldSetTextContent
FN:32274,shouldDeprioritizeSubtree
FN:32278,createTextInstance
FN:32299,commitMount
FN:32311,commitUpdate
FN:32319,resetTextContent
FN:32323,commitTextUpdate
FN:32327,appendChild
FN:32331,appendChildToContainer
FN:32339,insertBefore
FN:32343,insertInContainerBefore
FN:32351,removeChild
FN:32355,removeChildFromContainer
FN:32369,canHydrateInstance
FN:32377,canHydrateTextInstance
FN:32386,getNextHydratableSibling
FN:32395,getFirstHydratableChild
FN:32404,hydrateInstance
FN:32417,hydrateTextInstance
FN:32422,didNotMatchHydratedContainerTextInstance
FN:32428,didNotMatchHydratedTextInstance
FN:32434,didNotHydrateContainerInstance
FN:32444,didNotHydrateInstance
FN:32454,didNotFindHydratableContainerInstance
FN:32460,didNotFindHydratableContainerTextInstance
FN:32466,didNotFindHydratableInstance
FN:32472,didNotFindHydratableTextInstance
FN:32538,(anonymous_2361)
FN:32542,(anonymous_2362)
FN:32548,(anonymous_2363)
FN:32552,(anonymous_2364)
FN:32556,(anonymous_2365)
FN:32571,(anonymous_2366)
FN:32575,(anonymous_2367)
FN:32585,(anonymous_2368)
FN:32604,(anonymous_2369)
FN:32613,(anonymous_2370)
FN:32622,(anonymous_2371)
FN:32640,(anonymous_2372)
FN:32649,(anonymous_2373)
FN:32661,(anonymous_2374)
FN:32670,(anonymous_2375)
FN:32677,recordEffect
FN:32683,recordScheduleUpdate
FN:32694,startRequestCallbackTimer
FN:32703,stopRequestCallbackTimer
FN:32713,startWorkTimer
FN:32727,cancelWorkTimer
FN:32739,stopWorkTimer
FN:32754,stopFailedWorkTimer
FN:32770,startPhaseTimer
FN:32784,stopPhaseTimer
FN:32798,startWorkLoopTimer
FN:32813,stopWorkLoopTimer
FN:32837,startCommitTimer
FN:32849,stopCommitTimer
FN:32870,startCommitSnapshotEffectsTimer
FN:32880,stopCommitSnapshotEffectsTimer
FN:32891,startCommitHostEffectsTimer
FN:32901,stopCommitHostEffectsTimer
FN:32912,startCommitLifeCyclesTimer
FN:32922,stopCommitLifeCyclesTimer
FN:32943,createCursor
FN:32949,pop
FN:32974,push
FN:32986,checkThatStackIsEmpty
FN:32994,resetStackAfterFatalErrorInDev
FN:33017,getUnmaskedContext
FN:33029,cacheContext
FN:33035,getMaskedContext
FN:33069,hasContextChanged
FN:33073,isContextConsumer
FN:33077,isContextProvider
FN:33081,popContextProvider
FN:33090,popTopLevelContextObject
FN:33095,pushTopLevelContextObject
FN:33102,processChildContext
FN:33147,pushContextProvider
FN:33167,invalidateContextProvider
FN:33191,findCurrentUnmaskedContext
FN:33224,msToExpirationTime
FN:33229,expirationTimeToMs
FN:33233,ceiling
FN:33237,computeExpirationBucket
FN:33275,FiberNode
FN:33339,(anonymous_2419)
FN:33344,shouldConstruct
FN:33349,createWorkInProgress
FN:33412,createHostRootFiber
FN:33417,createFiberFromElement
FN:33471,getFiberTagFromObjectType
FN:33499,createFiberFromFragment
FN:33505,createFiberFromProfiler
FN:33519,createFiberFromText
FN:33525,createFiberFromHostInstanceForDeletion
FN:33531,createFiberFromPortal
FN:33544,assignFiberPropertiesInDEV
FN:33593,createFiberRoot
FN:33625,catchErrors
FN:33626,(anonymous_2433)
FN:33638,injectInternals
FN:33660,(anonymous_2435)
FN:33663,(anonymous_2436)
FN:33676,onCommitRoot
FN:33682,onCommitUnmount
FN:33702,(anonymous_2439)
FN:33705,(anonymous_2440)
FN:33711,(anonymous_2441)
FN:33725,(anonymous_2442)
FN:33742,(anonymous_2443)
FN:33743,(anonymous_2444)
FN:33744,(anonymous_2445)
FN:33745,(anonymous_2446)
FN:33746,(anonymous_2447)
FN:33747,(anonymous_2448)
FN:33748,(anonymous_2449)
FN:33769,(anonymous_2450)
FN:33771,(anonymous_2451)
FN:33777,(anonymous_2452)
FN:33785,(anonymous_2453)
FN:33786,(anonymous_2454)
FN:33789,(anonymous_2455)
FN:33793,(anonymous_2456)
FN:33816,(anonymous_2457)
FN:33830,(anonymous_2458)
FN:33833,(anonymous_2459)
FN:33847,(anonymous_2460)
FN:33861,(anonymous_2461)
FN:33874,(anonymous_2462)
FN:33892,(anonymous_2463)
FN:33933,(anonymous_2464)
FN:33939,(anonymous_2465)
FN:33962,(anonymous_2466)
FN:33963,(anonymous_2467)
FN:33965,(anonymous_2468)
FN:33990,markPendingPriorityLevel
FN:34012,markCommittedPriorityLevels
FN:34078,markSuspendedPriorityLevel
FN:34122,markPingedPriorityLevel
FN:34134,findNextPendingPriorityLevel
FN:34249,(anonymous_2474)
FN:34254,createUpdateQueue
FN:34270,cloneUpdateQueue
FN:34291,createUpdate
FN:34304,appendUpdateToQueue
FN:34320,enqueueUpdate
FN:34382,enqueueCapturedUpdate
FN:34410,ensureWorkInProgressQueueIsAClone
FN:34422,getStateFromUpdate
FN:34476,processUpdateQueue
FN:34604,callCallback
FN:34609,resetHasForceUpdateBeforeProcessing
FN:34613,checkHasForceUpdateAfterProcessing
FN:34617,commitUpdateQueue
FN:34656,createCapturedValue
FN:34676,pushProvider
FN:34704,popProvider
FN:34722,getContextCurrentValue
FN:34726,getContextChangedBits
FN:34736,requiredContext
FN:34741,getRootHostContainer
FN:34746,pushHostContainer
FN:34766,popHostContainer
FN:34772,getHostContext
FN:34777,pushHostContext
FN:34793,popHostContext
FN:34806,getCommitTime
FN:34810,recordCommitTime
FN:34833,checkActualRenderTimeStackEmpty
FN:34842,markActualRenderTimeStarted
FN:34854,pauseActualRenderTimerIfRunning
FN:34863,recordElapsedActualRenderTime
FN:34874,resetActualRenderTimer
FN:34881,resumeActualRenderTimerIfPaused
FN:34900,recordElapsedBaseRenderTimeIfRunning
FN:34909,startBaseRenderTimer
FN:34921,stopBaseRenderTimerIfRunning
FN:34948,(anonymous_2511)
FN:34959,(anonymous_2512)
FN:34976,(anonymous_2513)
FN:34983,applyDerivedStateFromProps
FN:35012,(anonymous_2515)
FN:35029,(anonymous_2516)
FN:35048,(anonymous_2517)
FN:35068,checkShouldComponentUpdate
FN:35090,checkClassInstance
FN:35152,adoptClassInstance
FN:35162,constructClassInstance
FN:35230,callComponentWillMount
FN:35251,callComponentWillReceiveProps
FN:35275,mountClassInstance
FN:35333,resumeMountClassInstance
FN:35424,updateClassInstance
FN:35539,(anonymous_2527)
FN:35553,(anonymous_2528)
FN:35575,coerceRef
FN:35602,(anonymous_2530)
FN:35620,throwOnInvalidObjectType
FN:35630,warnOnFunctionType
FN:35645,ChildReconciler
FN:35646,deleteChild
FN:35667,deleteRemainingChildren
FN:35683,mapRemainingChildren
FN:35700,useFiber
FN:35709,placeChild
FN:35733,placeSingleChild
FN:35742,updateTextNode
FN:35756,updateElement
FN:35776,updatePortal
FN:35790,updateFragment
FN:35804,createChild
FN:35849,updateSlot
FN:35907,updateFromMap
FN:35952,warnOnInvalidKey
FN:35983,reconcileChildrenArray
FN:36114,(anonymous_2549)
FN:36122,reconcileChildrenIterator
FN:36256,(anonymous_2551)
FN:36264,reconcileSingleTextNode
FN:36283,reconcileSingleElement
FN:36322,reconcileSinglePortal
FN:36352,reconcileChildFibers
FN:36435,cloneChildFibers
FN:36461,enterHydrationState
FN:36473,deleteHydratableInstance
FN:36503,insertNonHydratedInstance
FN:36547,tryHydrate
FN:36575,tryToClaimNextHydratableInstance
FN:36610,prepareToHydrateHostInstance
FN:36627,prepareToHydrateHostTextInstance
FN:36663,popToNextHostParent
FN:36671,popHydrationState
FN:36709,resetHydrationState
FN:36733,reconcileChildren
FN:36737,reconcileChildrenAtExpirationTime
FN:36755,updateForwardRef
FN:36782,updateFragment
FN:36795,updateMode
FN:36808,updateProfiler
FN:36822,markRef
FN:36830,updateFunctionalComponent
FN:36863,updateClassComponent
FN:36886,finishClassComponent
FN:36954,pushHostRootContext
FN:36965,updateHostRoot
FN:37014,updateHostComponent
FN:37073,updateHostText
FN:37084,mountIndeterminateComponent
FN:37175,updateTimeoutComponent
FN:37205,updatePortalComponent
FN:37230,propagateContextChange
FN:37308,updateContextProvider
FN:37393,updateContextConsumer
FN:37469,bailoutOnAlreadyFinishedWork
FN:37495,bailoutOnLowPriority
FN:37525,memoizeProps
FN:37529,memoizeState
FN:37535,beginWork
FN:37580,markUpdate
FN:37586,markRef$1
FN:37590,appendAllChildren
FN:37626,(anonymous_2595)
FN:37629,(anonymous_2596)
FN:37638,(anonymous_2597)
FN:37648,(anonymous_2598)
FN:37677,(anonymous_2599)
FN:37693,(anonymous_2600)
FN:37720,(anonymous_2601)
FN:37733,(anonymous_2602)
FN:37736,(anonymous_2603)
FN:37739,(anonymous_2604)
FN:37744,completeWork
FN:37908,showErrorDialog
FN:37912,logCapturedError
FN:37968,logError
FN:38004,(anonymous_2609)
FN:38013,safelyCallComponentWillUnmount
FN:38023,safelyDetachRef
FN:38040,commitBeforeMutationLifeCycles
FN:38079,commitLifeCycles
FN:38171,commitAttachRef
FN:38197,commitDetachRef
FN:38211,commitUnmount
FN:38246,commitNestedUnmounts
FN:38278,detachFiber
FN:38292,emptyPortalContainer
FN:38304,commitContainer
FN:38339,getHostParentFiber
FN:38350,isHostParent
FN:38354,getHostSibling
FN:38395,commitPlacement
FN:38469,unmountHostComponents
FN:38551,commitDeletion
FN:38563,commitWork
FN:38629,commitResetTextContent
FN:38636,createRootErrorUpdate
FN:38644,(anonymous_2630)
FN:38651,createClassErrorUpdate
FN:38657,(anonymous_2632)
FN:38664,callback
FN:38684,schedulePing
FN:38694,throwException
FN:38748,(anonymous_2636)
FN:38820,unwindWork
FN:38874,unwindInterruptedWork
FN:38926,(anonymous_2639)
FN:38937,(anonymous_2640)
FN:39001,(anonymous_2641)
FN:39058,(anonymous_2642)
FN:39063,resetStack
FN:39086,commitAllHostEffects
FN:39156,commitBeforeMutationLifecycles
FN:39172,commitAllLifeCycles
FN:39210,isAlreadyFailedLegacyErrorBoundary
FN:39214,markLegacyErrorBoundaryAsFailed
FN:39222,commitRoot
FN:39374,resetExpirationTime
FN:39422,completeUnitOfWork
FN:39568,performUnitOfWork
FN:39626,workLoop
FN:39646,renderRoot
FN:39748,(anonymous_2655)
FN:39765,dispatch
FN:39805,captureCommitPhaseError
FN:39809,computeAsyncExpiration
FN:39818,computeInteractiveExpiration
FN:39837,computeUniqueAsyncExpiration
FN:39850,computeExpirationForFiber
FN:39893,suspendRoot
FN:39900,retrySuspendedRoot
FN:39908,scheduleWork$1
FN:39964,recalculateCurrentTime
FN:39971,deferredUpdates
FN:39981,syncUpdates
FN:40021,scheduleCallbackWithExpiration
FN:40048,requestRetry
FN:40059,requestWork
FN:40088,addRootToSchedule
FN:40112,findHighestPriorityRoot
FN:40177,performAsyncWork
FN:40181,performSyncWork
FN:40185,performWork
FN:40235,flushRoot
FN:40248,finishRendering
FN:40275,performWorkOnRoot
FN:40326,completeRoot
FN:40351,shouldYield
FN:40364,onUncaughtError
FN:40375,onBlock
FN:40383,batchedUpdates$1
FN:40398,unbatchedUpdates
FN:40412,flushSync
FN:40424,interactiveUpdates$1
FN:40452,flushInteractiveUpdates$1
FN:40460,flushControlled
FN:40483,getContextForSubtree
FN:40493,scheduleRootUpdate
FN:40517,updateContainerAtExpirationTime
FN:40543,findHostInstance
FN:40559,createContainer
FN:40563,updateContainer
FN:40570,getPublicRootInstance
FN:40583,findHostInstanceWithNoPortals
FN:40591,injectIntoDevTools
FN:40595,(anonymous_2698)
FN:40602,(anonymous_2699)
FN:40638,createPortal$1
FN:40672,(anonymous_2701)
FN:40689,(anonymous_2702)
FN:40696,ReactBatch
FN:40707,(anonymous_2704)
FN:40717,(anonymous_2705)
FN:40728,(anonymous_2706)
FN:40785,(anonymous_2707)
FN:40801,ReactWork
FN:40808,(anonymous_2709)
FN:40819,(anonymous_2710)
FN:40836,ReactRoot
FN:40840,(anonymous_2712)
FN:40853,(anonymous_2713)
FN:40866,(anonymous_2714)
FN:40879,(anonymous_2715)
FN:40912,isValidContainer
FN:40916,getReactRootElementInContainer
FN:40928,shouldHydrateDueToLegacyHeuristic
FN:40937,legacyCreateRootFromDOMContainer
FN:40964,legacyRenderSubtreeIntoContainer
FN:40980,(anonymous_2721)
FN:40986,(anonymous_2722)
FN:40996,(anonymous_2723)
FN:41011,createPortal
FN:41022,(anonymous_2725)
FN:41040,(anonymous_2726)
FN:41044,(anonymous_2727)
FN:41047,(anonymous_2728)
FN:41051,(anonymous_2729)
FN:41062,(anonymous_2730)
FN:41063,(anonymous_2731)
FN:41088,(anonymous_2732)
FN:41119,createRoot
FN:41168,(anonymous_2734)
FN:41173,checkDCE
FN:41213,(anonymous_2736)
FN:41228,toObject
FN:41236,shouldUseNative
FN:41256,(anonymous_2739)
FN:41265,(anonymous_2740)
FN:41280,(anonymous_2741)
FN:41315,(anonymous_2742)
FN:41319,(anonymous_2743)
FN:41326,_classCallCheck
FN:41328,_possibleConstructorReturn
FN:41330,_inherits
FN:41338,warnAboutReceivingStore
FN:41347,createProvider
FN:41355,(anonymous_2749)
FN:41358,getChildContext
FN:41364,Provider
FN:41373,render
FN:41381,(anonymous_2753)
FN:41406,(anonymous_2754)
FN:41410,(anonymous_2755)
FN:41419,(anonymous_2756)
FN:41421,_classCallCheck
FN:41423,_possibleConstructorReturn
FN:41425,_inherits
FN:41427,_objectWithoutProperties
FN:41438,noop
FN:41439,makeSelectorStateful
FN:41442,runComponentSelector
FN:41460,connectAdvanced
FN:41480,(anonymous_2765)
FN:41501,wrapWithConnect
FN:41520,(anonymous_2767)
FN:41523,Connect
FN:41542,getChildContext
FN:41553,componentDidMount
FN:41567,componentWillReceiveProps
FN:41571,shouldComponentUpdate
FN:41575,componentWillUnmount
FN:41584,getWrappedInstance
FN:41589,setWrappedInstance
FN:41593,initSelector
FN:41599,initSubscription
FN:41616,onStateChange
FN:41627,notifyNestedSubsOnComponentDidUpdate
FN:41637,isSubscribed
FN:41641,addExtraProps
FN:41654,render
FN:41675,componentWillUpdate
FN:41697,(anonymous_2784)
FN:41716,(anonymous_2785)
FN:41720,(anonymous_2786)
FN:41727,(anonymous_2787)
FN:41729,_objectWithoutProperties
FN:41755,match
FN:41761,(anonymous_2790)
FN:41766,strictEqual
FN:41772,createConnect
FN:41785,connect
FN:41808,getDisplayName
FN:41838,(anonymous_2795)
FN:41842,(anonymous_2796)
FN:41843,(anonymous_2797)
FN:41844,(anonymous_2798)
FN:41850,whenMapDispatchToPropsIsFunction
FN:41854,whenMapDispatchToPropsIsMissing
FN:41855,(anonymous_2801)
FN:41860,whenMapDispatchToPropsIsObject
FN:41861,(anonymous_2803)
FN:41875,(anonymous_2804)
FN:41879,(anonymous_2805)
FN:41880,(anonymous_2806)
FN:41884,whenMapStateToPropsIsFunction
FN:41888,whenMapStateToPropsIsMissing
FN:41889,(anonymous_2809)
FN:41903,(anonymous_2810)
FN:41907,(anonymous_2811)
FN:41908,(anonymous_2812)
FN:41909,(anonymous_2813)
FN:41910,(anonymous_2814)
FN:41912,(anonymous_2815)
FN:41916,defaultMergeProps
FN:41920,wrapMergePropsFunc
FN:41921,initMergePropsProxy
FN:41929,mergePropsProxy
FN:41946,whenMergePropsIsFunction
FN:41950,whenMergePropsIsOmitted
FN:41951,(anonymous_2822)
FN:41965,(anonymous_2823)
FN:41969,(anonymous_2824)
FN:41970,(anonymous_2825)
FN:41971,(anonymous_2826)
FN:41973,_objectWithoutProperties
FN:41977,impureFinalPropsSelectorFactory
FN:41978,impureFinalPropsSelector
FN:41983,pureFinalPropsSelectorFactory
FN:41995,handleFirstCall
FN:42005,handleNewPropsAndNewState
FN:42014,handleNewProps
FN:42023,handleNewState
FN:42033,handleSubsequentCalls
FN:42045,pureFinalPropsSelector
FN:42057,finalPropsSelectorFactory
FN:42083,(anonymous_2838)
FN:42087,(anonymous_2839)
FN:42091,verify
FN:42101,verifySubselectors
FN:42114,(anonymous_2842)
FN:42118,(anonymous_2843)
FN:42119,(anonymous_2844)
FN:42120,(anonymous_2845)
FN:42124,wrapMapToPropsConstant
FN:42125,initConstantSelector
FN:42128,constantSelector
FN:42143,getDependsOnOwnProps
FN:42159,wrapMapToPropsFunc
FN:42160,initProxySelector
FN:42163,mapToPropsProxy
FN:42170,detectFactoryAndVerify
FN:42197,(anonymous_2854)
FN:42202,(anonymous_2855)
FN:42204,(anonymous_2856)
FN:42207,(anonymous_2857)
FN:42210,(anonymous_2858)
FN:42225,(anonymous_2859)
FN:42229,(anonymous_2860)
FN:42230,(anonymous_2861)
FN:42255,(anonymous_2862)
FN:42259,(anonymous_2863)
FN:42260,_classCallCheck
FN:42268,notify
FN:42271,createListenerCollection
FN:42278,clear
FN:42282,notify
FN:42288,get
FN:42291,subscribe
FN:42296,unsubscribe
FN:42307,(anonymous_2872)
FN:42308,Subscription
FN:42318,addNestedSub
FN:42323,notifyNestedSubs
FN:42327,isSubscribed
FN:42331,trySubscribe
FN:42339,tryUnsubscribe
FN:42360,(anonymous_2879)
FN:42364,(anonymous_2880)
FN:42367,is
FN:42375,shallowEqual
FN:42403,(anonymous_2883)
FN:42407,(anonymous_2884)
FN:42413,verifyPlainObject
FN:42426,(anonymous_2886)
FN:42430,(anonymous_2887)
FN:42437,warning
FN:42460,(anonymous_2889)
FN:42472,_classCallCheck
FN:42474,_possibleConstructorReturn
FN:42476,_inherits
FN:42488,(anonymous_2893)
FN:42491,BrowserRouter
FN:42503,componentWillMount
FN:42507,render
FN:42532,(anonymous_2897)
FN:42544,_classCallCheck
FN:42546,_possibleConstructorReturn
FN:42548,_inherits
FN:42560,(anonymous_2901)
FN:42563,HashRouter
FN:42575,componentWillMount
FN:42579,render
FN:42603,(anonymous_2905)
FN:42614,(anonymous_2906)
FN:42616,_objectWithoutProperties
FN:42618,_classCallCheck
FN:42620,_possibleConstructorReturn
FN:42622,_inherits
FN:42629,isModifiedEvent
FN:42637,(anonymous_2912)
FN:42640,Link
FN:42649,(anonymous_2914)
FN:42674,render
FN:42726,(anonymous_2916)
FN:42743,(anonymous_2917)
FN:42753,(anonymous_2918)
FN:42755,(anonymous_2919)
FN:42755,(anonymous_2920)
FN:42757,_objectWithoutProperties
FN:42767,NavLink
FN:42790,children
FN:42798,(anonymous_2924)
FN:42835,(anonymous_2925)
FN:42852,(anonymous_2926)
FN:42869,(anonymous_2927)
FN:42886,(anonymous_2928)
FN:42903,(anonymous_2929)
FN:42920,(anonymous_2930)
FN:42937,(anonymous_2931)
FN:42954,(anonymous_2932)
FN:42959,(anonymous_2933)
FN:42962,(anonymous_2934)
FN:42965,(anonymous_2935)
FN:42968,(anonymous_2936)
FN:42971,(anonymous_2937)
FN:42974,(anonymous_2938)
FN:42977,(anonymous_2939)
FN:42980,(anonymous_2940)
FN:42983,(anonymous_2941)
FN:42986,(anonymous_2942)
FN:42989,(anonymous_2943)
FN:42992,(anonymous_2944)
FN:42995,(anonymous_2945)
FN:42998,(anonymous_2946)
FN:43036,(anonymous_2947)
FN:43053,(anonymous_2948)
FN:43070,(anonymous_2949)
FN:43093,(anonymous_2950)
FN:43111,(anonymous_2951)
FN:43131,(anonymous_2952)
FN:43154,(anonymous_2953)
FN:43157,printWarning
FN:43165,(anonymous_2955)
FN:43179,(anonymous_2956)
FN:43207,(anonymous_2957)
FN:43219,_classCallCheck
FN:43221,_possibleConstructorReturn
FN:43223,_inherits
FN:43235,(anonymous_2961)
FN:43238,MemoryRouter
FN:43250,componentWillMount
FN:43254,render
FN:43279,(anonymous_2965)
FN:43289,_classCallCheck
FN:43291,_possibleConstructorReturn
FN:43293,_inherits
FN:43304,(anonymous_2969)
FN:43307,Prompt
FN:43313,enable
FN:43319,disable
FN:43326,componentWillMount
FN:43332,componentWillReceiveProps
FN:43340,componentWillUnmount
FN:43344,render
FN:43376,(anonymous_2977)
FN:43390,(anonymous_2978)
FN:43392,_classCallCheck
FN:43394,_possibleConstructorReturn
FN:43396,_inherits
FN:43410,(anonymous_2982)
FN:43413,Redirect
FN:43419,isStatic
FN:43423,componentWillMount
FN:43429,componentDidMount
FN:43433,componentDidUpdate
FN:43445,computeTo
FN:43462,perform
FN:43475,render
FN:43511,(anonymous_2991)
FN:43524,(anonymous_2992)
FN:43526,_classCallCheck
FN:43528,_possibleConstructorReturn
FN:43530,_inherits
FN:43538,isEmptyChildren
FN:43546,(anonymous_2997)
FN:43549,Route
FN:43563,getChildContext
FN:43574,computeMatch
FN:43593,componentWillMount
FN:43601,componentWillReceiveProps
FN:43611,render
FN:43671,(anonymous_3004)
FN:43683,(anonymous_3005)
FN:43685,_classCallCheck
FN:43687,_possibleConstructorReturn
FN:43689,_inherits
FN:43700,(anonymous_3009)
FN:43703,Router
FN:43717,getChildContext
FN:43729,computeMatch
FN:43738,componentWillMount
FN:43751,(anonymous_3014)
FN:43758,componentWillReceiveProps
FN:43762,componentWillUnmount
FN:43766,render
FN:43796,(anonymous_3018)
FN:43810,(anonymous_3019)
FN:43812,_objectWithoutProperties
FN:43814,_classCallCheck
FN:43816,_possibleConstructorReturn
FN:43818,_inherits
FN:43827,addLeadingSlash
FN:43831,addBasename
FN:43839,stripBasename
FN:43851,createURL
FN:43855,staticHandler
FN:43856,(anonymous_3029)
FN:43861,noop
FN:43870,(anonymous_3031)
FN:43873,StaticRouter
FN:43882,(anonymous_3033)
FN:43884,(anonymous_3034)
FN:43892,(anonymous_3035)
FN:43900,(anonymous_3036)
FN:43902,(anonymous_3037)
FN:43907,getChildContext
FN:43915,componentWillMount
FN:43919,render
FN:43968,(anonymous_3041)
FN:43981,_classCallCheck
FN:43983,_possibleConstructorReturn
FN:43985,_inherits
FN:43997,(anonymous_3045)
FN:44000,Switch
FN:44006,componentWillMount
FN:44010,componentWillReceiveProps
FN:44016,render
FN:44024,(anonymous_3050)
FN:44066,(anonymous_3051)
FN:44078,compileGenerator
FN:44097,generatePath
FN:44117,(anonymous_3054)
FN:44129,compilePath
FN:44150,matchPath
FN:44187,(anonymous_3057)
FN:44203,(anonymous_3058)
FN:44214,(anonymous_3059)
FN:44216,_objectWithoutProperties
FN:44226,withRouter
FN:44227,C
FN:44232,children
FN:44258,(anonymous_3064)
FN:44281,(anonymous_3065)
FN:44299,(anonymous_3066)
FN:44319,(anonymous_3067)
FN:44321,(anonymous_3068)
FN:44333,(anonymous_3069)
FN:44371,parse
FN:44444,compile
FN:44454,encodeURIComponentPretty
FN:44455,(anonymous_3073)
FN:44466,encodeAsterisk
FN:44467,(anonymous_3075)
FN:44475,tokensToFunction
FN:44486,(anonymous_3077)
FN:44562,escapeString
FN:44572,escapeGroup
FN:44583,attachKeys
FN:44594,flags
[...]
BRDA:48541,5618,0,0
BRDA:48541,5618,1,0
BRDA:48542,5619,0,0
BRDA:48542,5619,1,0
BRDA:48542,5619,2,0
BRDA:48542,5619,3,0
BRDA:48547,5620,0,0
BRDA:48547,5620,1,0
BRDA:48551,5621,0,0
BRDA:48551,5621,1,0
BRDA:48557,5622,0,0
BRDA:48557,5622,1,0
BRDA:48557,5623,0,0
BRDA:48557,5623,1,0
BRDA:48635,5624,0,0
BRDA:48635,5624,1,0
BRDA:48636,5625,0,0
BRDA:48636,5625,1,0
BRDA:48636,5626,0,0
BRDA:48636,5626,1,0
BRDA:48640,5627,0,0
BRDA:48640,5627,1,0
BRDA:48642,5628,0,0
BRDA:48642,5628,1,0
BRDA:48647,5629,0,0
BRDA:48647,5629,1,0
BRDA:48648,5630,0,0
BRDA:48648,5630,1,0
BRDA:48649,5631,0,0
BRDA:48649,5631,1,0
BRDA:48650,5632,0,0
BRDA:48650,5632,1,0
BRDA:48656,5633,0,0
BRDA:48656,5633,1,0
BRDA:48663,5634,0,0
BRDA:48663,5634,1,0
BRDA:48667,5635,0,0
BRDA:48667,5635,1,0
BRDA:48679,5636,0,0
BRDA:48679,5636,1,0
BRDA:48693,5637,0,0
BRDA:48693,5637,1,0
BRDA:48708,5638,0,0
BRDA:48708,5638,1,0
BRDA:48726,5639,0,0
BRDA:48726,5639,1,0
BRDA:48740,5640,0,0
BRDA:48740,5640,1,0
BRDA:48754,5641,0,0
BRDA:48754,5641,1,0
BRDA:48756,5642,0,0
BRDA:48756,5642,1,0
BRDA:48761,5643,0,0
BRDA:48761,5643,1,0
BRDA:48763,5644,0,0
BRDA:48763,5644,1,0
BRDA:48776,5645,0,0
BRDA:48776,5645,1,0
BRDA:48778,5646,0,0
BRDA:48778,5646,1,0
BRDA:48790,5647,0,0
BRDA:48790,5647,1,0
BRDA:48804,5648,0,0
BRDA:48804,5648,1,0
BRDA:48804,5649,0,0
BRDA:48804,5649,1,0
BRDA:48804,5649,2,0
BRDA:48821,5650,0,0
BRDA:48821,5650,1,0
BRDA:48833,5651,0,0
BRDA:48833,5651,1,0
BRDA:48842,5652,0,0
BRDA:48842,5652,1,0
BRDA:48853,5653,0,0
BRDA:48853,5653,1,0
BRDA:48966,5654,0,0
BRDA:48966,5654,1,0
BRDA:48975,5655,0,0
BRDA:48975,5655,1,0
BRDA:48982,5656,0,0
BRDA:48982,5656,1,0
BRDA:48998,5657,0,0
BRDA:48998,5657,1,0
BRDA:48999,5658,0,0
BRDA:48999,5658,1,0
BRDA:49014,5659,0,0
BRDA:49014,5659,1,0
BRDA:49014,5660,0,0
BRDA:49014,5660,1,0
BRDA:49016,5661,0,0
BRDA:49016,5661,1,0
BRDA:49039,5662,0,0
BRDA:49039,5662,1,0
BRDA:49039,5663,0,0
BRDA:49039,5663,1,0
BRDA:49078,5664,0,0
BRDA:49078,5664,1,0
BRDA:49085,5665,0,0
BRDA:49085,5665,1,0
BRDA:49102,5666,0,0
BRDA:49102,5666,1,0
BRDA:49102,5667,0,0
BRDA:49102,5667,1,0
BRDA:49114,5668,0,0
BRDA:49114,5668,1,0
BRDA:49114,5669,0,0
BRDA:49114,5669,1,0
BRDA:49118,5670,0,0
BRDA:49118,5670,1,0
BRDA:49129,5671,0,0
BRDA:49129,5671,1,0
BRDA:49136,5672,0,0
BRDA:49136,5672,1,0
BRDA:49139,5673,0,0
BRDA:49139,5673,1,0
BRDA:49284,5674,0,0
BRDA:49284,5674,1,0
BRDA:49284,5675,0,0
BRDA:49284,5675,1,0
BRDA:49287,5676,0,0
BRDA:49287,5676,1,0
BRDA:49303,5677,0,0
BRDA:49303,5677,1,0
BRDA:49321,5678,0,0
BRDA:49321,5678,1,0
BRDA:49325,5679,0,0
BRDA:49325,5679,1,0
BRDA:49354,5680,0,0
BRDA:49354,5680,1,0
BRDA:49361,5681,0,0
BRDA:49361,5681,1,0
BRDA:49361,5682,0,0
BRDA:49361,5682,1,0
BRDA:49366,5683,0,0
BRDA:49366,5683,1,0
BRDA:49369,5684,0,0
BRDA:49369,5684,1,0
BRDA:49375,5685,0,0
BRDA:49375,5685,1,0
BRDA:49408,5686,0,0
BRDA:49408,5686,1,0
BRDA:49409,5687,0,0
BRDA:49409,5687,1,0
BRDA:49410,5688,0,0
BRDA:49410,5688,1,0
BRDA:49443,5689,0,0
BRDA:49443,5689,1,0
BRDA:49445,5690,0,0
BRDA:49445,5690,1,0
BRDA:49445,5691,0,0
BRDA:49445,5691,1,0
BRDA:49447,5692,0,0
BRDA:49447,5692,1,0
BRDA:49447,5692,2,0
BRDA:49447,5692,3,0
BRDA:49447,5692,4,0
BRDA:49447,5692,5,0
BRDA:49447,5692,6,0
BRDA:49486,5693,0,0
BRDA:49486,5693,1,0
BRDA:49489,5694,0,0
BRDA:49489,5694,1,0
BRDA:49494,5695,0,0
BRDA:49494,5695,1,0
BRDA:49512,5696,0,0
BRDA:49512,5696,1,0
BRDA:49518,5697,0,0
BRDA:49518,5697,1,0
BRDA:49534,5698,0,0
BRDA:49534,5698,1,0
BRDA:49596,5699,0,0
BRDA:49596,5699,1,0
BRDA:49616,5700,0,0
BRDA:49616,5700,1,0
BRDA:49624,5701,0,0
BRDA:49624,5701,1,0
BRDA:49694,5702,0,0
BRDA:49694,5702,1,0
BRDA:49695,5703,0,0
BRDA:49695,5703,1,0
BRDA:49698,5704,0,0
BRDA:49698,5704,1,0
BRDA:49699,5705,0,0
BRDA:49699,5705,1,0
BRDA:49700,5706,0,0
BRDA:49700,5706,1,0
BRDA:49707,5707,0,0
BRDA:49707,5707,1,0
BRDA:49709,5708,0,0
BRDA:49709,5708,1,0
BRDA:49722,5709,0,0
BRDA:49722,5709,1,0
BRDA:49723,5710,0,0
BRDA:49723,5710,1,0
BRDA:49725,5711,0,0
BRDA:49725,5711,1,0
BRDA:49730,5712,0,0
BRDA:49730,5712,1,0
BRDA:49733,5713,0,0
BRDA:49733,5713,1,0
BRDA:49738,5714,0,0
BRDA:49738,5714,1,0
BRDA:49738,5715,0,0
BRDA:49738,5715,1,0
BRDA:49766,5716,0,0
BRDA:49766,5716,1,0
BRDA:49766,5717,0,0
BRDA:49766,5717,1,0
BRDA:49801,5718,0,0
BRDA:49801,5718,1,0
BRDA:49801,5719,0,0
BRDA:49801,5719,1,0
BRDA:49801,5719,2,0
BRDA:49806,5720,0,0
BRDA:49806,5720,1,0
BRDA:49806,5721,0,0
BRDA:49806,5721,1,0
BRDA:49806,5721,2,0
BRDA:49812,5722,0,0
BRDA:49812,5722,1,0
BRDA:49812,5722,2,0
BRDA:49812,5722,3,0
BRDA:49812,5722,4,0
BRDA:49812,5722,5,0
BRDA:49812,5722,6,0
BRDA:49812,5722,7,0
BRDA:49812,5722,8,0
BRDA:49812,5722,9,0
BRDA:49812,5722,10,0
BRDA:49812,5722,11,0
BRDA:49812,5722,12,0
BRDA:49812,5722,13,0
BRDA:49812,5722,14,0
BRDA:49812,5722,15,0
BRDA:49844,5723,0,0
BRDA:49844,5723,1,0
BRDA:49846,5724,0,0
BRDA:49846,5724,1,0
BRDA:49848,5725,0,0
BRDA:49848,5725,1,0
BRDA:49851,5726,0,0
BRDA:49851,5726,1,0
BRDA:49862,5727,0,0
BRDA:49862,5727,1,0
BRDA:49864,5728,0,0
BRDA:49864,5728,1,0
BRDA:49884,5729,0,0
BRDA:49884,5729,1,0
BRDA:49884,5729,2,0
BRDA:49898,5730,0,0
BRDA:49898,5730,1,0
BRDA:49920,5731,0,0
BRDA:49920,5731,1,0
BRDA:49920,5732,0,0
BRDA:49920,5732,1,0
BRDA:49920,5732,2,0
BRDA:50028,5733,0,0
BRDA:50028,5733,1,0
BRDA:50034,5734,0,0
BRDA:50034,5734,1,0
BRDA:50048,5735,0,0
BRDA:50048,5735,1,0
BRDA:50057,5736,0,0
BRDA:50057,5736,1,0
BRDA:50060,5737,0,0
BRDA:50060,5737,1,0
BRDA:50074,5738,0,0
BRDA:50074,5738,1,0
BRDA:50074,5738,2,0
BRDA:50085,5739,0,0
BRDA:50085,5739,1,0
BRDA:50096,5740,0,0
BRDA:50096,5740,1,0
BRDA:50119,5741,0,0
BRDA:50119,5741,1,0
BRDA:50123,5742,0,0
BRDA:50123,5742,1,0
BRDA:50125,5743,0,0
BRDA:50125,5743,1,0
BRDA:50157,5744,0,0
BRDA:50157,5744,1,0
BRDA:50162,5745,0,0
BRDA:50162,5745,1,0
BRDA:50167,5746,0,0
BRDA:50167,5746,1,0
BRDA:50183,5747,0,0
BRDA:50183,5747,1,0
BRDA:50183,5748,0,0
BRDA:50183,5748,1,0
BRDA:50206,5749,0,0
BRDA:50206,5749,1,0
BRDA:50207,5750,0,0
BRDA:50207,5750,1,0
BRDA:50229,5751,0,0
BRDA:50229,5751,1,0
BRDA:50231,5752,0,0
BRDA:50231,5752,1,0
BRDA:50235,5753,0,0
BRDA:50235,5753,1,0
BRDA:50241,5754,0,0
BRDA:50241,5754,1,0
BRDA:50241,5755,0,0
BRDA:50241,5755,1,0
BRDA:50267,5756,0,0
BRDA:50267,5756,1,0
BRDA:50269,5757,0,0
BRDA:50269,5757,1,0
BRDA:50269,5758,0,0
BRDA:50269,5758,1,0
BRDA:50271,5759,0,0
BRDA:50271,5759,1,0
BRDA:50275,5760,0,0
BRDA:50275,5760,1,0
BRDA:50296,5761,0,0
BRDA:50296,5761,1,0
BRDA:50299,5762,0,0
BRDA:50299,5762,1,0
BRDA:50299,5763,0,0
BRDA:50299,5763,1,0
BRDA:50299,5763,2,0
BRDA:50299,5763,3,0
BRDA:50306,5764,0,0
BRDA:50306,5764,1,0
BRDA:50314,5765,0,0
BRDA:50314,5765,1,0
BRDA:50320,5766,0,0
BRDA:50320,5766,1,0
BRDA:50324,5767,0,0
BRDA:50324,5767,1,0
BRDA:50324,5768,0,0
BRDA:50324,5768,1,0
BRDA:50334,5769,0,0
BRDA:50334,5769,1,0
BRDA:50480,5770,0,0
BRDA:50480,5770,1,0
BRDA:50480,5771,0,0
BRDA:50480,5771,1,0
BRDA:50502,5772,0,0
BRDA:50502,5772,1,0
BRDA:50502,5773,0,0
BRDA:50502,5773,1,0
BRDA:50508,5774,0,0
BRDA:50508,5774,1,0
BRDA:50508,5775,0,0
BRDA:50508,5775,1,0
BRDA:50513,5776,0,0
BRDA:50513,5776,1,0
BRDA:50518,5777,0,0
BRDA:50518,5777,1,0
BRDA:50520,5778,0,0
BRDA:50520,5778,1,0
BRDA:50590,5779,0,0
BRDA:50590,5779,1,0
BRDA:50592,5780,0,0
BRDA:50592,5780,1,0
BRDA:50592,5781,0,0
BRDA:50592,5781,1,0
BRDA:50596,5782,0,0
BRDA:50596,5782,1,0
BRDA:50603,5783,0,0
BRDA:50603,5783,1,0
BRDA:50603,5784,0,0
BRDA:50603,5784,1,0
BRDA:50604,5785,0,0
BRDA:50604,5785,1,0
BRDA:50608,5786,0,0
BRDA:50608,5786,1,0
BRDA:50634,5787,0,0
BRDA:50634,5787,1,0
BRDA:50639,5788,0,0
BRDA:50639,5788,1,0
BRDA:50639,5789,0,0
BRDA:50639,5789,1,0
BRDA:50643,5790,0,0
BRDA:50643,5790,1,0
BRDA:50645,5791,0,0
BRDA:50645,5791,1,0
BRDA:50645,5792,0,0
BRDA:50645,5792,1,0
BRDA:50652,5793,0,0
BRDA:50652,5793,1,0
BRDA:50656,5794,0,0
BRDA:50656,5794,1,0
BRDA:50658,5795,0,0
BRDA:50658,5795,1,0
BRDA:50666,5796,0,0
BRDA:50666,5796,1,0
BRDA:50666,5797,0,0
BRDA:50666,5797,1,0
BRDA:50670,5798,0,0
BRDA:50670,5798,1,0
BRDA:50670,5799,0,0
BRDA:50670,5799,1,0
BRDA:50675,5800,0,0
BRDA:50675,5800,1,0
BRDA:50681,5801,0,0
BRDA:50681,5801,1,0
BRDA:50683,5802,0,0
BRDA:50683,5802,1,0
BRDA:50683,5802,2,0
BRDA:50684,5803,0,0
BRDA:50684,5803,1,0
BRDA:50710,5804,0,0
BRDA:50710,5804,1,0
BRDA:50742,5805,0,0
BRDA:50742,5805,1,0
BRDA:50781,5806,0,0
BRDA:50781,5806,1,0
BRDA:50785,5807,0,0
BRDA:50785,5807,1,0
BRDA:50785,5808,0,0
BRDA:50785,5808,1,0
BRDA:50799,5809,0,0
BRDA:50799,5809,1,0
BRDA:50799,5809,2,0
BRDA:50799,5809,3,0
BRDA:50799,5809,4,0
BRDA:50826,5810,0,0
BRDA:50826,5810,1,0
BRDA:50826,5811,0,0
BRDA:50826,5811,1,0
BRDA:50861,5812,0,0
BRDA:50861,5812,1,0
BRDA:50861,5813,0,0
BRDA:50861,5813,1,0
BRDA:50861,5813,2,0
BRDA:50866,5814,0,0
BRDA:50866,5814,1,0
BRDA:50866,5815,0,0
BRDA:50866,5815,1,0
BRDA:50866,5815,2,0
BRDA:50872,5816,0,0
BRDA:50872,5816,1,0
BRDA:50872,5816,2,0
BRDA:50872,5816,3,0
BRDA:50872,5816,4,0
BRDA:50872,5816,5,0
BRDA:50872,5816,6,0
BRDA:50872,5816,7,0
BRDA:50872,5816,8,0
BRDA:50872,5816,9,0
BRDA:50872,5816,10,0
BRDA:50872,5816,11,0
BRDA:50872,5816,12,0
BRDA:50872,5816,13,0
BRDA:50872,5816,14,0
BRDA:50872,5816,15,0
BRDA:50904,5817,0,0
BRDA:50904,5817,1,0
BRDA:50906,5818,0,0
BRDA:50906,5818,1,0
BRDA:50908,5819,0,0
BRDA:50908,5819,1,0
BRDA:50911,5820,0,0
BRDA:50911,5820,1,0
BRDA:50922,5821,0,0
BRDA:50922,5821,1,0
BRDA:50924,5822,0,0
BRDA:50924,5822,1,0
BRDA:50944,5823,0,0
BRDA:50944,5823,1,0
BRDA:50944,5823,2,0
BRDA:50958,5824,0,0
BRDA:50958,5824,1,0
BRDA:50980,5825,0,0
BRDA:50980,5825,1,0
BRDA:50980,5826,0,0
BRDA:50980,5826,1,0
BRDA:50980,5826,2,0
BRDA:51088,5827,0,0
BRDA:51088,5827,1,0
BRDA:51094,5828,0,0
BRDA:51094,5828,1,0
BRDA:51108,5829,0,0
BRDA:51108,5829,1,0
BRDA:51117,5830,0,0
BRDA:51117,5830,1,0
BRDA:51120,5831,0,0
BRDA:51120,5831,1,0
BRDA:51134,5832,0,0
BRDA:51134,5832,1,0
BRDA:51134,5832,2,0
BRDA:51145,5833,0,0
BRDA:51145,5833,1,0
BRDA:51156,5834,0,0
BRDA:51156,5834,1,0
BRDA:51179,5835,0,0
BRDA:51179,5835,1,0
BRDA:51183,5836,0,0
BRDA:51183,5836,1,0
BRDA:51185,5837,0,0
BRDA:51185,5837,1,0
BRDA:51217,5838,0,0
BRDA:51217,5838,1,0
BRDA:51222,5839,0,0
BRDA:51222,5839,1,0
BRDA:51227,5840,0,0
BRDA:51227,5840,1,0
BRDA:51243,5841,0,0
BRDA:51243,5841,1,0
BRDA:51243,5842,0,0
BRDA:51243,5842,1,0
BRDA:51259,5843,0,0
BRDA:51259,5843,1,0
BRDA:51281,5844,0,0
BRDA:51281,5844,1,0
BRDA:51283,5845,0,0
BRDA:51283,5845,1,0
BRDA:51285,5846,0,0
BRDA:51285,5846,1,0
BRDA:51287,5847,0,0
BRDA:51287,5847,1,0
BRDA:51312,5848,0,0
BRDA:51312,5848,1,0
BRDA:51313,5849,0,0
BRDA:51313,5849,1,0
BRDA:51341,5850,0,0
BRDA:51341,5850,1,0
BRDA:51362,5851,0,0
BRDA:51362,5851,1,0
BRDA:51362,5852,0,0
BRDA:51362,5852,1,0
BRDA:51362,5853,0,0
BRDA:51362,5853,1,0
BRDA:51362,5854,0,0
BRDA:51362,5854,1,0
BRDA:51362,5854,2,0
BRDA:51362,5854,3,0
BRDA:51365,5855,0,0
BRDA:51365,5855,1,0
BRDA:51367,5856,0,0
BRDA:51367,5856,1,0
BRDA:51367,5857,0,0
BRDA:51367,5857,1,0
BRDA:51369,5858,0,0
BRDA:51369,5858,1,0
BRDA:51370,5859,0,0
BRDA:51370,5859,1,0
BRDA:51370,5859,2,0
BRDA:51375,5860,0,0
BRDA:51375,5860,1,0
BRDA:51376,5861,0,0
BRDA:51376,5861,1,0
BRDA:51378,5862,0,0
BRDA:51378,5862,1,0
BRDA:51380,5863,0,0
BRDA:51380,5863,1,0
BRDA:51384,5864,0,0
BRDA:51384,5864,1,0
BRDA:51384,5865,0,0
BRDA:51384,5865,1,0
BRDA:51389,5866,0,0
BRDA:51389,5866,1,0
BRDA:51431,5867,0,0
BRDA:51431,5867,1,0
BRDA:51434,5868,0,0
BRDA:51434,5868,1,0
BRDA:51438,5869,0,0
BRDA:51438,5869,1,0
BRDA:51445,5870,0,0
BRDA:51445,5870,1,0
BRDA:51445,5871,0,0
BRDA:51445,5871,1,0
BRDA:51452,5872,0,0
BRDA:51452,5872,1,0
BRDA:51458,5873,0,0
BRDA:51458,5873,1,0
BRDA:51491,5874,0,0
BRDA:51491,5874,1,0
BRDA:51491,5874,2,0
BRDA:51494,5875,0,0
BRDA:51494,5875,1,0
BRDA:51514,5876,0,0
BRDA:51514,5876,1,0
BRDA:51517,5877,0,0
BRDA:51517,5877,1,0
BRDA:51549,5878,0,0
BRDA:51549,5878,1,0
BRDA:51553,5879,0,0
BRDA:51553,5879,1,0
BRDA:51635,5880,0,0
BRDA:51635,5880,1,0
BRF:12780
BRH:0
end_of_record
TN:
SF:/Users/AdilMinocherhomjee/Fullstack/senior-phase/pogo2go/script/seed.js
FN:7,seed
FN:84,runSeed
FNF:2
FNH:0
FNDA:0,seed
FNDA:0,runSeed
DA:3,0
DA:4,0
DA:5,0
DA:8,0
DA:9,0
DA:11,0
DA:15,0
DA:58,0
DA:64,0
DA:74,0
DA:75,0
DA:76,0
DA:77,0
DA:78,0
DA:85,0
DA:86,0
DA:87,0
DA:89,0
DA:90,0
DA:92,0
DA:93,0
DA:94,0
DA:101,0
DA:102,0
DA:106,0
LF:25
LH:0
BRDA:101,0,0,0
BRDA:101,0,1,0
BRF:2
BRH:0
end_of_record
TN:
SF:/Users/AdilMinocherhomjee/Fullstack/senior-phase/pogo2go/script/seed.spec.js
FN:6,(anonymous_0)
FNF:1
FNH:0
FNDA:0,(anonymous_0)
DA:4,0
DA:6,0
DA:7,0
LF:3
LH:0
BRF:0
BRH:0
end_of_record
TN:
SF:/Users/AdilMinocherhomjee/Fullstack/senior-phase/pogo2go/server/index.js
FN:18,(anonymous_0)
FN:32,(anonymous_1)
FN:34,(anonymous_2)
FN:43,(anonymous_3)
FN:74,(anonymous_4)
FN:85,(anonymous_5)
FN:90,(anonymous_6)
FN:97,(anonymous_7)
FN:99,(anonymous_8)
FN:108,(anonymous_9)
FN:110,bootApp
FNF:11
FNH:0
FNDA:0,(anonymous_0)
FNDA:0,(anonymous_1)
FNDA:0,(anonymous_2)
FNDA:0,(anonymous_3)
FNDA:0,(anonymous_4)
FNDA:0,(anonymous_5)
FNDA:0,(anonymous_6)
FNDA:0,(anonymous_7)
FNDA:0,(anonymous_8)
FNDA:0,(anonymous_9)
FNDA:0,bootApp
DA:1,0
DA:2,0
DA:3,0
DA:4,0
DA:5,0
DA:6,0
DA:7,0
DA:8,0
DA:9,0
DA:10,0
DA:11,0
DA:12,0
DA:13,0
DA:17,0
DA:18,0
DA:29,0
DA:32,0
DA:34,0
DA:35,0
DA:36,0
DA:37,0
DA:39,0
DA:43,0
DA:45,0
DA:48,0
DA:49,0
DA:52,0
DA:55,0
DA:63,0
DA:64,0
DA:67,0
DA:68,0
DA:71,0
DA:74,0
DA:75,0
DA:76,0
DA:77,0
DA:78,0
DA:80,0
DA:85,0
DA:86,0
DA:90,0
DA:91,0
DA:92,0
DA:93,0
DA:97,0
DA:99,0
DA:100,0
DA:104,0
DA:105,0
DA:108,0
DA:111,0
DA:112,0
DA:113,0
DA:114,0
DA:120,0
DA:121,0
DA:123,0
LF:58
LH:0
BRDA:10,0,0,0
BRDA:10,0,1,0
BRDA:17,1,0,0
BRDA:17,1,1,0
BRDA:29,2,0,0
BRDA:29,2,1,0
BRDA:57,3,0,0
BRDA:57,3,1,0
BRDA:75,4,0,0
BRDA:75,4,1,0
BRDA:93,5,0,0
BRDA:93,5,1,0
BRDA:93,6,0,0
BRDA:93,6,1,0
BRDA:120,7,0,0
BRDA:120,7,1,0
BRF:16
BRH:0
end_of_record
TN:
SF:/Users/AdilMinocherhomjee/Fullstack/senior-phase/pogo2go/server/api/index.js
FN:7,(anonymous_0)
FNF:1
FNH:0
FNDA:0,(anonymous_0)
DA:1,0
DA:2,0
DA:4,0
DA:5,0
DA:7,0
DA:8,0
DA:9,0
DA:10,0
LF:8
LH:0
BRF:0
BRH:0
end_of_record
TN:
SF:/Users/AdilMinocherhomjee/Fullstack/senior-phase/pogo2go/server/api/products.js
FN:4,(anonymous_0)
FN:15,(anonymous_1)
FNF:2
FNH:0
FNDA:0,(anonymous_0)
FNDA:0,(anonymous_1)
DA:1,0
DA:2,0
DA:4,0
DA:5,0
DA:6,0
DA:7,0
DA:8,0
DA:10,0
DA:15,0
DA:16,0
DA:17,0
DA:18,0
DA:20,0
DA:24,0
LF:14
LH:0
BRF:0
BRH:0
end_of_record
TN:
SF:/Users/AdilMinocherhomjee/Fullstack/senior-phase/pogo2go/server/api/products.spec.js
FN:7,(anonymous_0)
FN:8,(anonymous_1)
FN:12,(anonymous_2)
FN:13,(anonymous_3)
FN:22,(anonymous_4)
FN:31,(anonymous_5)
FN:32,(anonymous_6)
FN:41,(anonymous_7)
FNF:8
FNH:0
FNDA:0,(anonymous_0)
FNDA:0,(anonymous_1)
FNDA:0,(anonymous_2)
FNDA:0,(anonymous_3)
FNDA:0,(anonymous_4)
FNDA:0,(anonymous_5)
FNDA:0,(anonymous_6)
FNDA:0,(anonymous_7)
DA:1,0
DA:2,0
DA:3,0
DA:4,0
DA:5,0
DA:7,0
DA:8,0
DA:9,0
DA:12,0
DA:13,0
DA:14,0
DA:22,0
DA:23,0
DA:27,0
DA:28,0
DA:31,0
DA:32,0
DA:33,0
DA:41,0
DA:42,0
DA:46,0
DA:47,0
LF:22
LH:0
BRF:0
BRH:0
end_of_record
TN:
SF:/Users/AdilMinocherhomjee/Fullstack/senior-phase/pogo2go/server/api/users.js
FN:5,(anonymous_0)
FNF:1
FNH:0
FNDA:0,(anonymous_0)
DA:1,0
DA:2,0
DA:3,0
DA:5,0
DA:6,0
DA:7,0
DA:13,0
DA:15,0
LF:8
LH:0
BRF:0
BRH:0
end_of_record
TN:
SF:/Users/AdilMinocherhomjee/Fullstack/senior-phase/pogo2go/server/api/users.spec.js
FN:9,(anonymous_0)
FN:10,(anonymous_1)
FN:14,(anonymous_2)
FN:17,(anonymous_3)
FN:23,(anonymous_4)
FNF:5
FNH:0
FNDA:0,(anonymous_0)
FNDA:0,(anonymous_1)
FNDA:0,(anonymous_2)
FNDA:0,(anonymous_3)
FNDA:0,(anonymous_4)
DA:3,0
DA:4,0
DA:5,0
DA:6,0
DA:7,0
DA:9,0
DA:10,0
DA:11,0
DA:14,0
DA:15,0
DA:17,0
DA:18,0
DA:23,0
DA:24,0
DA:28,0
DA:29,0
LF:16
LH:0
BRF:0
BRH:0
end_of_record
TN:
SF:/Users/AdilMinocherhomjee/Fullstack/senior-phase/pogo2go/server/auth/google.js
FN:32,(anonymous_0)
FN:41,(anonymous_1)
FNF:2
FNH:0
FNDA:0,(anonymous_0)
FNDA:0,(anonymous_1)
DA:1,0
DA:2,0
DA:3,0
DA:4,0
DA:5,0
DA:21,0
DA:22,0
DA:24,0
DA:30,0
DA:33,0
DA:34,0
DA:35,0
DA:37,0
DA:41,0
DA:46,0
DA:48,0
DA:50,0
LF:17
LH:0
BRDA:21,0,0,0
BRDA:21,0,1,0
BRDA:21,1,0,0
BRDA:21,1,1,0
BRF:4
BRH:0
end_of_record
TN:
SF:/Users/AdilMinocherhomjee/Fullstack/senior-phase/pogo2go/server/auth/index.js
FN:5,(anonymous_0)
FN:15,(anonymous_1)
FN:22,(anonymous_2)
FN:25,(anonymous_3)
FN:35,(anonymous_4)
FN:41,(anonymous_5)
FNF:6
FNH:0
FNDA:0,(anonymous_0)
FNDA:0,(anonymous_1)
FNDA:0,(anonymous_2)
FNDA:0,(anonymous_3)
FNDA:0,(anonymous_4)
FNDA:0,(anonymous_5)
DA:1,0
DA:2,0
DA:3,0
DA:5,0
DA:6,0
DA:7,0
DA:8,0
DA:9,0
DA:10,0
DA:11,0
DA:12,0
DA:13,0
DA:15,0
DA:18,0
DA:22,0
DA:23,0
DA:24,0
DA:25,0
DA:27,0
DA:28,0
DA:30,0
DA:35,0
DA:36,0
DA:37,0
DA:38,0
DA:41,0
DA:42,0
DA:45,0
LF:28
LH:0
BRDA:8,0,0,0
BRDA:8,0,1,0
BRDA:11,1,0,0
BRDA:11,1,1,0
BRDA:15,2,0,0
BRDA:15,2,1,0
BRDA:25,3,0,0
BRDA:25,3,1,0
BRDA:27,4,0,0
BRDA:27,4,1,0
BRF:10
BRH:0
end_of_record
TN:
SF:/Users/AdilMinocherhomjee/Fullstack/senior-phase/pogo2go/server/db/db.js
FN:17,(anonymous_0)
FNF:1
FNH:0
FNDA:0,(anonymous_0)
DA:1,0
DA:2,0
DA:4,0
DA:6,0
DA:12,0
DA:16,0
DA:17,0
LF:7
LH:0
BRDA:4,0,0,0
BRDA:4,0,1,0
BRDA:7,1,0,0
BRDA:7,1,1,0
BRDA:16,2,0,0
BRDA:16,2,1,0
BRF:6
BRH:0
end_of_record
TN:
SF:/Users/AdilMinocherhomjee/Fullstack/senior-phase/pogo2go/server/db/index.js
FNF:0
FNH:0
DA:1,0
DA:4,0
DA:6,0
LF:3
LH:0
BRF:0
BRH:0
end_of_record
TN:
SF:/Users/AdilMinocherhomjee/Fullstack/senior-phase/pogo2go/server/db/models/index.js
FNF:0
FNH:0
DA:1,0
DA:3,0
DA:4,0
DA:20,0
DA:21,0
DA:22,0
DA:26,0
LF:7
LH:0
BRF:0
BRH:0
end_of_record
TN:
SF:/Users/AdilMinocherhomjee/Fullstack/senior-phase/pogo2go/server/db/models/order.js
FNF:0
FNH:0
DA:1,0
DA:2,0
DA:4,0
DA:11,0
LF:4
LH:0
BRF:0
BRH:0
end_of_record
TN:
SF:/Users/AdilMinocherhomjee/Fullstack/senior-phase/pogo2go/server/db/models/order.spec.js
FN:8,(anonymous_0)
FN:15,(anonymous_1)
FN:27,(anonymous_2)
FNF:3
FNH:0
FNDA:0,(anonymous_0)
FNDA:0,(anonymous_1)
FNDA:0,(anonymous_2)
DA:3,0
DA:4,0
DA:5,0
DA:6,0
DA:8,0
DA:15,0
DA:22,0
DA:27,0
DA:28,0
LF:9
LH:0
BRF:0
BRH:0
end_of_record
TN:
SF:/Users/AdilMinocherhomjee/Fullstack/senior-phase/pogo2go/server/db/models/product.js
FNF:0
FNH:0
DA:1,0
DA:2,0
DA:4,0
DA:23,0
LF:4
LH:0
BRF:0
BRH:0
end_of_record
TN:
SF:/Users/AdilMinocherhomjee/Fullstack/senior-phase/pogo2go/server/db/models/product.spec.js
FN:6,(anonymous_0)
FN:7,(anonymous_1)
FN:11,(anonymous_2)
FN:12,(anonymous_3)
FN:13,(anonymous_4)
FN:29,(anonymous_5)
FN:45,(anonymous_6)
FN:61,(anonymous_7)
FNF:8
FNH:0
FNDA:0,(anonymous_0)
FNDA:0,(anonymous_1)
FNDA:0,(anonymous_2)
FNDA:0,(anonymous_3)
FNDA:0,(anonymous_4)
FNDA:0,(anonymous_5)
FNDA:0,(anonymous_6)
FNDA:0,(anonymous_7)
DA:2,0
DA:3,0
DA:4,0
DA:6,0
DA:7,0
DA:8,0
DA:11,0
DA:12,0
DA:13,0
DA:14,0
DA:20,0
DA:21,0
DA:22,0
DA:26,0
DA:29,0
DA:30,0
DA:36,0
DA:37,0
DA:38,0
DA:42,0
DA:45,0
DA:46,0
DA:52,0
DA:53,0
DA:54,0
DA:58,0
DA:61,0
DA:62,0
DA:67,0
DA:68,0
DA:69,0
DA:73,0
LF:32
LH:0
BRF:0
BRH:0
end_of_record
TN:
SF:/Users/AdilMinocherhomjee/Fullstack/senior-phase/pogo2go/server/db/models/user.js
FN:19,(anonymous_0)
FN:27,(anonymous_1)
FN:40,(anonymous_2)
FN:47,(anonymous_3)
FN:51,(anonymous_4)
FN:62,(anonymous_5)
FNF:6
FNH:0
FNDA:0,(anonymous_0)
FNDA:0,(anonymous_1)
FNDA:0,(anonymous_2)
FNDA:0,(anonymous_3)
FNDA:0,(anonymous_4)
FNDA:0,(anonymous_5)
DA:1,0
DA:2,0
DA:3,0
DA:5,0
DA:19,0
DA:27,0
DA:35,0
DA:40,0
DA:41,0
DA:47,0
DA:48,0
DA:51,0
DA:52,0
DA:62,0
DA:63,0
DA:64,0
DA:65,0
DA:69,0
DA:70,0
LF:19
LH:0
BRDA:63,0,0,0
BRDA:63,0,1,0
BRF:2
BRH:0
end_of_record
TN:
SF:/Users/AdilMinocherhomjee/Fullstack/senior-phase/pogo2go/server/db/models/user.spec.js
FN:7,(anonymous_0)
FN:8,(anonymous_1)
FN:12,(anonymous_2)
FN:13,(anonymous_3)
FN:16,(anonymous_4)
FN:24,(anonymous_5)
FN:28,(anonymous_6)
FNF:7
FNH:0
FNDA:0,(anonymous_0)
FNDA:0,(anonymous_1)
FNDA:0,(anonymous_2)
FNDA:0,(anonymous_3)
FNDA:0,(anonymous_4)
FNDA:0,(anonymous_5)
FNDA:0,(anonymous_6)
DA:3,0
DA:4,0
DA:5,0
DA:7,0
DA:8,0
DA:9,0
DA:12,0
DA:13,0
DA:16,0
DA:17,0
DA:24,0
DA:25,0
DA:28,0
DA:29,0
LF:14
LH:0
BRF:0
BRH:0
end_of_record
TN:
SF:/Users/AdilMinocherhomjee/Fullstack/senior-phase/pogo2go/server/socket/index.js
FN:1,(anonymous_0)
FN:2,(anonymous_1)
FN:5,(anonymous_2)
FNF:3
FNH:0
FNDA:0,(anonymous_0)
FNDA:0,(anonymous_1)
FNDA:0,(anonymous_2)
DA:1,0
DA:2,0
DA:3,0
DA:5,0
DA:6,0
LF:5
LH:0
BRF:0
BRH:0
end_of_record
